2022-09-09 11:25:18,719 - __main__ - INFO - xiaomi_jd_openCard(-1001420873978)消息：1
2022-09-09 11:25:21,722 - __main__ - INFO - 启动成功，开始监听群消息
2022-09-09 11:25:25,622 - __main__ - INFO - 启动成功，开始监听群消息
2022-09-09 11:25:29,536 - __main__ - INFO - 启动成功，开始监听群消息
2022-09-09 11:25:33,452 - __main__ - INFO - 启动成功，开始监听群消息
2022-09-09 11:25:37,366 - __main__ - INFO - 启动成功，开始监听群消息
2022-09-09 11:25:41,296 - __main__ - INFO - 启动成功，开始监听群消息
2022-09-09 11:25:45,202 - __main__ - INFO - 启动成功，开始监听群消息
2022-09-09 11:25:49,289 - __main__ - INFO - 启动成功，开始监听群消息
2022-09-09 11:25:53,239 - __main__ - INFO - 启动成功，开始监听群消息
2022-09-09 11:25:57,176 - __main__ - INFO - 启动成功，开始监听群消息
2022-09-09 11:26:01,132 - __main__ - INFO - 启动成功，开始监听群消息
2022-09-09 11:26:05,036 - __main__ - INFO - 启动成功，开始监听群消息
2022-09-09 11:26:08,996 - __main__ - INFO - 启动成功，开始监听群消息
2022-09-09 11:26:12,936 - __main__ - INFO - 启动成功，开始监听群消息
2022-09-09 11:26:16,836 - __main__ - INFO - 启动成功，开始监听群消息
2022-09-09 11:26:20,729 - __main__ - INFO - 启动成功，开始监听群消息
2022-09-09 11:26:24,636 - __main__ - INFO - 启动成功，开始监听群消息
2022-09-09 11:26:28,559 - __main__ - INFO - 启动成功，开始监听群消息
2022-09-09 11:26:32,459 - __main__ - INFO - 启动成功，开始监听群消息
2022-09-09 11:26:35,121 - __main__ - INFO - 启动成功，开始监听群消息
2022-09-09 11:26:36,356 - __main__ - INFO - 启动成功，开始监听群消息
2022-09-09 11:26:39,102 - __main__ - INFO - 启动成功，开始监听群消息
2022-09-09 11:26:40,562 - __main__ - INFO - 启动成功，开始监听群消息
2022-09-09 11:26:43,012 - __main__ - INFO - 启动成功，开始监听群消息
2022-09-09 11:26:44,532 - __main__ - INFO - 启动成功，开始监听群消息
2022-09-09 11:26:46,959 - __main__ - INFO - 启动成功，开始监听群消息
2022-09-09 11:26:48,469 - __main__ - INFO - 启动成功，开始监听群消息
2022-09-09 11:26:50,922 - __main__ - INFO - 启动成功，开始监听群消息
2022-09-09 11:26:52,419 - __main__ - INFO - 启动成功，开始监听群消息
2022-09-09 11:26:54,892 - __main__ - INFO - 启动成功，开始监听群消息
2022-09-09 11:26:56,372 - __main__ - INFO - 启动成功，开始监听群消息
2022-09-09 11:26:58,822 - __main__ - INFO - 启动成功，开始监听群消息
2022-09-09 11:27:00,299 - __main__ - INFO - 启动成功，开始监听群消息
2022-09-09 11:27:02,739 - __main__ - INFO - 启动成功，开始监听群消息
2022-09-09 11:27:04,222 - __main__ - INFO - 启动成功，开始监听群消息
2022-09-09 11:27:06,762 - __main__ - INFO - 启动成功，开始监听群消息
2022-09-09 11:27:08,159 - __main__ - INFO - 启动成功，开始监听群消息
2022-09-09 11:27:10,729 - __main__ - INFO - 启动成功，开始监听群消息
2022-09-09 11:27:12,099 - __main__ - INFO - 启动成功，开始监听群消息
2022-09-09 11:27:14,719 - __main__ - INFO - 启动成功，开始监听群消息
2022-09-09 11:27:16,072 - __main__ - INFO - 启动成功，开始监听群消息
2022-09-09 11:27:19,992 - __main__ - INFO - 启动成功，开始监听群消息
2022-09-09 11:27:20,102 - __main__ - INFO - 启动成功，开始监听群消息
2022-09-09 11:27:23,912 - __main__ - INFO - 启动成功，开始监听群消息
2022-09-09 11:27:24,019 - __main__ - INFO - 启动成功，开始监听群消息
2022-09-09 11:27:27,882 - __main__ - INFO - 启动成功，开始监听群消息
2022-09-09 11:27:27,932 - __main__ - INFO - 启动成功，开始监听群消息
2022-09-09 11:27:32,406 - __main__ - INFO - 启动成功，开始监听群消息
2022-09-09 11:27:32,416 - __main__ - INFO - 启动成功，开始监听群消息
2022-09-09 11:27:35,161 - __main__ - INFO - 启动成功，开始监听群消息
2022-09-09 11:27:36,362 - __main__ - INFO - 启动成功，开始监听群消息
2022-09-09 11:27:36,382 - __main__ - INFO - 启动成功，开始监听群消息
2022-09-09 11:27:40,346 - __main__ - INFO - 启动成功，开始监听群消息
2022-09-09 11:27:43,279 - __main__ - INFO - 启动成功，开始监听群消息
2022-09-09 11:27:44,309 - __main__ - INFO - 启动成功，开始监听群消息
2022-09-09 11:27:48,279 - __main__ - INFO - 启动成功，开始监听群消息
2022-09-09 11:27:50,252 - __main__ - INFO - 启动成功，开始监听群消息
2022-09-09 11:27:52,206 - __main__ - INFO - 启动成功，开始监听群消息
2022-09-09 11:27:54,173 - __main__ - INFO - 启动成功，开始监听群消息
2022-09-09 11:27:56,146 - __main__ - INFO - 启动成功，开始监听群消息
2022-09-09 11:27:58,109 - __main__ - INFO - 启动成功，开始监听群消息
2022-09-09 11:28:05,052 - __main__ - INFO - 启动成功，开始监听群消息
2022-09-09 11:28:22,647 - __main__ - INFO - 启动成功，开始监听群消息
2022-09-09 11:29:39,157 - __main__ - INFO - 启动成功，开始监听群消息
2022-09-09 11:29:56,873 - __main__ - INFO - xiaomi_jd_openCard(-1001420873978)消息：test
2022-09-09 11:30:11,847 - __main__ - INFO - 9
2022-09-09 11:30:11,848 - __main__ - INFO - 文件下载成功:新建 文本文档.txt
2022-09-09 11:30:13,225 - __main__ - INFO - git push
2022-09-09 11:30:29,201 - __main__ - INFO - xiaomi_jd_openCard(-1001420873978)消息：删除 新建 文本文档.txt
2022-09-09 11:30:31,737 - __main__ - INFO - git push
Traceback (most recent call last):
  File "/usr/local/lib/python3.8/dist-packages/urllib3/contrib/pyopenssl.py", line 488, in wrap_socket
    cnx.do_handshake()
  File "/usr/local/lib/python3.8/dist-packages/OpenSSL/SSL.py", line 1991, in do_handshake
    self._raise_ssl_error(self._ssl, result)
  File "/usr/local/lib/python3.8/dist-packages/OpenSSL/SSL.py", line 1692, in _raise_ssl_error
    raise SysCallError(errno, errorcode.get(errno))
OpenSSL.SSL.SysCallError: (104, 'ECONNRESET')

During handling of the above exception, another exception occurred:

Traceback (most recent call last):
  File "/usr/local/lib/python3.8/dist-packages/urllib3/connectionpool.py", line 667, in urlopen
    self._prepare_proxy(conn)
  File "/usr/local/lib/python3.8/dist-packages/urllib3/connectionpool.py", line 932, in _prepare_proxy
    conn.connect()
  File "/usr/local/lib/python3.8/dist-packages/urllib3/connection.py", line 362, in connect
    self.sock = ssl_wrap_socket(
  File "/usr/local/lib/python3.8/dist-packages/urllib3/util/ssl_.py", line 386, in ssl_wrap_socket
    return context.wrap_socket(sock, server_hostname=server_hostname)
  File "/usr/local/lib/python3.8/dist-packages/urllib3/contrib/pyopenssl.py", line 494, in wrap_socket
    raise ssl.SSLError("bad handshake: %r" % e)
ssl.SSLError: ("bad handshake: SysCallError(104, 'ECONNRESET')",)

During handling of the above exception, another exception occurred:

Traceback (most recent call last):
  File "/usr/lib/python3/dist-packages/requests/adapters.py", line 439, in send
    resp = conn.urlopen(
  File "/usr/local/lib/python3.8/dist-packages/urllib3/connectionpool.py", line 726, in urlopen
    retries = retries.increment(
  File "/usr/local/lib/python3.8/dist-packages/urllib3/util/retry.py", line 446, in increment
    raise MaxRetryError(_pool, url, error or ResponseError(cause))
urllib3.exceptions.MaxRetryError: HTTPSConnectionPool(host='api.telegram.org', port=443): Max retries exceeded with url: /bot5528541550:AAHMN2eOC-6W1PkreoQcHfnIwhEzjXmecg4/getUpdates?offset=512326561 (Caused by SSLError(SSLError("bad handshake: SysCallError(104, 'ECONNRESET')")))

During handling of the above exception, another exception occurred:

Traceback (most recent call last):
  File "tgFileBot.py", line 133, in <module>
    getUpdates(updateId)
  File "tgFileBot.py", line 49, in getUpdates
    response = requests.request("GET", url, data=None, headers=None,proxies=proxies,verify=False)
  File "/usr/lib/python3/dist-packages/requests/api.py", line 60, in request
    return session.request(method=method, url=url, **kwargs)
  File "/usr/lib/python3/dist-packages/requests/sessions.py", line 533, in request
    resp = self.send(prep, **send_kwargs)
  File "/usr/lib/python3/dist-packages/requests/sessions.py", line 646, in send
    r = adapter.send(request, **kwargs)
  File "/usr/lib/python3/dist-packages/requests/adapters.py", line 514, in send
    raise SSLError(e, request=request)
requests.exceptions.SSLError: HTTPSConnectionPool(host='api.telegram.org', port=443): Max retries exceeded with url: /bot5528541550:AAHMN2eOC-6W1PkreoQcHfnIwhEzjXmecg4/getUpdates?offset=512326561 (Caused by SSLError(SSLError("bad handshake: SysCallError(104, 'ECONNRESET')")))
2022-09-09 23:52:45,109 - __main__ - INFO - 启动成功，开始监听群消息
2022-09-09 23:52:49,380 - __main__ - INFO - 9
2022-09-09 23:52:49,381 - __main__ - INFO - 文件下载成功:新建 文本文档.txt
2022-09-09 23:52:51,680 - __main__ - INFO - git push
2022-09-09 23:52:59,166 - __main__ - INFO - 9
2022-09-09 23:52:59,166 - __main__ - INFO - 文件下载成功:新建 文本文档.txt
2022-09-09 23:53:00,594 - __main__ - INFO - git push
2022-09-09 23:53:42,148 - __main__ - INFO - xiaomi_jd_openCard(-1001420873978)消息：删除 新建 文本文档.txt
2022-09-09 23:53:44,750 - __main__ - INFO - git push
Traceback (most recent call last):
  File "/usr/local/lib/python3.8/dist-packages/urllib3/contrib/pyopenssl.py", line 488, in wrap_socket
    cnx.do_handshake()
  File "/usr/local/lib/python3.8/dist-packages/OpenSSL/SSL.py", line 1991, in do_handshake
    self._raise_ssl_error(self._ssl, result)
  File "/usr/local/lib/python3.8/dist-packages/OpenSSL/SSL.py", line 1692, in _raise_ssl_error
    raise SysCallError(errno, errorcode.get(errno))
OpenSSL.SSL.SysCallError: (104, 'ECONNRESET')

During handling of the above exception, another exception occurred:

Traceback (most recent call last):
  File "/usr/local/lib/python3.8/dist-packages/urllib3/connectionpool.py", line 667, in urlopen
    self._prepare_proxy(conn)
  File "/usr/local/lib/python3.8/dist-packages/urllib3/connectionpool.py", line 932, in _prepare_proxy
    conn.connect()
  File "/usr/local/lib/python3.8/dist-packages/urllib3/connection.py", line 362, in connect
    self.sock = ssl_wrap_socket(
  File "/usr/local/lib/python3.8/dist-packages/urllib3/util/ssl_.py", line 386, in ssl_wrap_socket
    return context.wrap_socket(sock, server_hostname=server_hostname)
  File "/usr/local/lib/python3.8/dist-packages/urllib3/contrib/pyopenssl.py", line 494, in wrap_socket
    raise ssl.SSLError("bad handshake: %r" % e)
ssl.SSLError: ("bad handshake: SysCallError(104, 'ECONNRESET')",)

During handling of the above exception, another exception occurred:

Traceback (most recent call last):
  File "/usr/lib/python3/dist-packages/requests/adapters.py", line 439, in send
    resp = conn.urlopen(
  File "/usr/local/lib/python3.8/dist-packages/urllib3/connectionpool.py", line 726, in urlopen
    retries = retries.increment(
  File "/usr/local/lib/python3.8/dist-packages/urllib3/util/retry.py", line 446, in increment
    raise MaxRetryError(_pool, url, error or ResponseError(cause))
urllib3.exceptions.MaxRetryError: HTTPSConnectionPool(host='api.telegram.org', port=443): Max retries exceeded with url: /bot5528541550:AAHMN2eOC-6W1PkreoQcHfnIwhEzjXmecg4/getUpdates?offset=512326564 (Caused by SSLError(SSLError("bad handshake: SysCallError(104, 'ECONNRESET')")))

During handling of the above exception, another exception occurred:

Traceback (most recent call last):
  File "tgFileBot.py", line 133, in <module>
    getUpdates(updateId)
  File "tgFileBot.py", line 49, in getUpdates
    response = requests.request("GET", url, data=None, headers=None,proxies=proxies,verify=False)
  File "/usr/lib/python3/dist-packages/requests/api.py", line 60, in request
    return session.request(method=method, url=url, **kwargs)
  File "/usr/lib/python3/dist-packages/requests/sessions.py", line 533, in request
    resp = self.send(prep, **send_kwargs)
  File "/usr/lib/python3/dist-packages/requests/sessions.py", line 646, in send
    r = adapter.send(request, **kwargs)
  File "/usr/lib/python3/dist-packages/requests/adapters.py", line 514, in send
    raise SSLError(e, request=request)
requests.exceptions.SSLError: HTTPSConnectionPool(host='api.telegram.org', port=443): Max retries exceeded with url: /bot5528541550:AAHMN2eOC-6W1PkreoQcHfnIwhEzjXmecg4/getUpdates?offset=512326564 (Caused by SSLError(SSLError("bad handshake: SysCallError(104, 'ECONNRESET')")))
2022-09-10 17:03:23,266 - __main__ - INFO - 启动成功，开始监听群消息
2022-09-10 19:25:05,638 - __main__ - INFO - 网络异常
2022-09-10 21:55:34,861 - __main__ - INFO - 网络异常
2022-09-10 21:58:57,966 - __main__ - INFO - xiaomi_jd_openCard(-1001420873978)消息：2
2022-09-11 00:45:06,263 - __main__ - INFO - 网络异常
2022-09-11 11:02:35,312 - __main__ - INFO - 网络异常
2022-09-11 11:53:52,799 - __main__ - INFO - 网络异常
2022-09-11 12:34:49,836 - __main__ - INFO - 网络异常
2022-09-11 12:34:53,151 - __main__ - INFO - 网络异常
2022-09-11 12:34:57,378 - __main__ - INFO - 网络异常
2022-09-11 12:35:00,715 - __main__ - INFO - 网络异常
2022-09-11 12:35:04,057 - __main__ - INFO - 网络异常
2022-09-11 12:35:07,411 - __main__ - INFO - 网络异常
2022-09-11 12:35:10,719 - __main__ - INFO - 网络异常
2022-09-11 12:35:14,076 - __main__ - INFO - 网络异常
2022-09-11 12:35:17,435 - __main__ - INFO - 网络异常
2022-09-11 12:35:20,765 - __main__ - INFO - 网络异常
2022-09-11 12:35:24,075 - __main__ - INFO - 网络异常
2022-09-11 12:35:27,410 - __main__ - INFO - 网络异常
2022-09-11 12:35:30,726 - __main__ - INFO - 网络异常
2022-09-11 12:35:34,041 - __main__ - INFO - 网络异常
2022-09-11 12:35:37,373 - __main__ - INFO - 网络异常
2022-09-11 12:35:40,712 - __main__ - INFO - 网络异常
2022-09-11 12:35:44,052 - __main__ - INFO - 网络异常
2022-09-11 12:35:47,383 - __main__ - INFO - 网络异常
2022-09-11 12:35:50,714 - __main__ - INFO - 网络异常
2022-09-11 12:35:54,078 - __main__ - INFO - 网络异常
2022-09-11 12:35:57,411 - __main__ - INFO - 网络异常
2022-09-11 12:36:00,764 - __main__ - INFO - 网络异常
2022-09-11 12:36:04,100 - __main__ - INFO - 网络异常
2022-09-11 12:36:07,432 - __main__ - INFO - 网络异常
2022-09-11 12:36:10,760 - __main__ - INFO - 网络异常
2022-09-11 12:36:14,092 - __main__ - INFO - 网络异常
2022-09-11 12:36:17,417 - __main__ - INFO - 网络异常
2022-09-11 12:36:20,770 - __main__ - INFO - 网络异常
2022-09-11 12:36:24,105 - __main__ - INFO - 网络异常
2022-09-11 12:36:27,430 - __main__ - INFO - 网络异常
2022-09-11 12:36:30,767 - __main__ - INFO - 网络异常
2022-09-11 12:36:34,101 - __main__ - INFO - 网络异常
2022-09-11 12:36:37,460 - __main__ - INFO - 网络异常
2022-09-11 12:36:40,799 - __main__ - INFO - 网络异常
2022-09-11 12:36:44,144 - __main__ - INFO - 网络异常
2022-09-11 12:36:47,477 - __main__ - INFO - 网络异常
2022-09-11 12:36:50,807 - __main__ - INFO - 网络异常
2022-09-11 12:36:54,158 - __main__ - INFO - 网络异常
2022-09-11 12:36:57,480 - __main__ - INFO - 网络异常
2022-09-11 12:37:00,796 - __main__ - INFO - 网络异常
2022-09-11 12:37:04,126 - __main__ - INFO - 网络异常
2022-09-11 12:37:07,479 - __main__ - INFO - 网络异常
2022-09-11 12:37:10,794 - __main__ - INFO - 网络异常
2022-09-11 12:37:14,140 - __main__ - INFO - 网络异常
2022-09-11 12:37:17,479 - __main__ - INFO - 网络异常
2022-09-11 12:37:20,817 - __main__ - INFO - 网络异常
2022-09-11 12:37:24,153 - __main__ - INFO - 网络异常
2022-09-11 12:37:27,484 - __main__ - INFO - 网络异常
2022-09-11 12:37:30,818 - __main__ - INFO - 网络异常
2022-09-11 12:37:34,144 - __main__ - INFO - 网络异常
2022-09-11 12:37:37,594 - __main__ - INFO - 网络异常
2022-09-11 12:37:40,917 - __main__ - INFO - 网络异常
2022-09-11 12:37:44,253 - __main__ - INFO - 网络异常
2022-09-11 12:37:47,595 - __main__ - INFO - 网络异常
2022-09-11 12:37:50,940 - __main__ - INFO - 网络异常
2022-09-11 12:37:54,276 - __main__ - INFO - 网络异常
2022-09-11 12:37:57,616 - __main__ - INFO - 网络异常
2022-09-11 12:38:00,958 - __main__ - INFO - 网络异常
2022-09-11 12:38:04,297 - __main__ - INFO - 网络异常
2022-09-11 12:38:07,631 - __main__ - INFO - 网络异常
2022-09-11 12:38:10,953 - __main__ - INFO - 网络异常
2022-09-11 12:38:14,362 - __main__ - INFO - 网络异常
2022-09-11 12:38:17,684 - __main__ - INFO - 网络异常
2022-09-11 12:38:21,024 - __main__ - INFO - 网络异常
2022-09-11 12:38:24,349 - __main__ - INFO - 网络异常
2022-09-11 12:38:27,673 - __main__ - INFO - 网络异常
2022-09-11 12:38:30,994 - __main__ - INFO - 网络异常
2022-09-11 12:38:34,332 - __main__ - INFO - 网络异常
2022-09-11 12:38:37,652 - __main__ - INFO - 网络异常
2022-09-11 12:38:40,993 - __main__ - INFO - 网络异常
2022-09-11 12:38:44,316 - __main__ - INFO - 网络异常
2022-09-11 12:38:47,643 - __main__ - INFO - 网络异常
2022-09-11 12:38:50,986 - __main__ - INFO - 网络异常
2022-09-11 12:38:54,322 - __main__ - INFO - 网络异常
2022-09-11 12:38:57,648 - __main__ - INFO - 网络异常
2022-09-11 12:39:00,974 - __main__ - INFO - 网络异常
2022-09-11 12:39:04,297 - __main__ - INFO - 网络异常
2022-09-11 12:39:07,645 - __main__ - INFO - 网络异常
2022-09-11 12:39:10,991 - __main__ - INFO - 网络异常
2022-09-11 12:39:14,343 - __main__ - INFO - 网络异常
2022-09-11 12:39:17,684 - __main__ - INFO - 网络异常
2022-09-11 12:39:21,023 - __main__ - INFO - 网络异常
2022-09-11 12:39:24,330 - __main__ - INFO - 网络异常
2022-09-11 12:39:27,677 - __main__ - INFO - 网络异常
2022-09-11 12:39:30,994 - __main__ - INFO - 网络异常
2022-09-11 12:39:34,342 - __main__ - INFO - 网络异常
2022-09-11 12:39:37,658 - __main__ - INFO - 网络异常
2022-09-11 12:39:40,974 - __main__ - INFO - 网络异常
2022-09-11 12:39:44,296 - __main__ - INFO - 网络异常
2022-09-11 12:39:47,627 - __main__ - INFO - 网络异常
2022-09-11 12:39:50,990 - __main__ - INFO - 网络异常
2022-09-11 12:39:54,319 - __main__ - INFO - 网络异常
2022-09-11 12:39:57,649 - __main__ - INFO - 网络异常
2022-09-11 12:40:01,003 - __main__ - INFO - 网络异常
2022-09-11 12:40:04,333 - __main__ - INFO - 网络异常
2022-09-11 12:40:07,671 - __main__ - INFO - 网络异常
2022-09-11 12:40:11,005 - __main__ - INFO - 网络异常
2022-09-11 12:40:14,336 - __main__ - INFO - 网络异常
2022-09-11 12:40:17,674 - __main__ - INFO - 网络异常
2022-09-11 12:40:21,015 - __main__ - INFO - 网络异常
2022-09-11 12:40:24,356 - __main__ - INFO - 网络异常
2022-09-11 12:40:27,702 - __main__ - INFO - 网络异常
2022-09-11 12:40:31,048 - __main__ - INFO - 网络异常
2022-09-11 12:40:34,391 - __main__ - INFO - 网络异常
2022-09-11 12:40:37,724 - __main__ - INFO - 网络异常
2022-09-11 12:40:41,067 - __main__ - INFO - 网络异常
2022-09-11 12:40:44,415 - __main__ - INFO - 网络异常
2022-09-11 12:40:47,757 - __main__ - INFO - 网络异常
2022-09-11 12:40:51,080 - __main__ - INFO - 网络异常
2022-09-11 12:40:54,432 - __main__ - INFO - 网络异常
2022-09-11 12:40:57,761 - __main__ - INFO - 网络异常
2022-09-11 12:41:01,107 - __main__ - INFO - 网络异常
2022-09-11 12:41:04,453 - __main__ - INFO - 网络异常
2022-09-11 12:41:07,785 - __main__ - INFO - 网络异常
2022-09-11 12:41:11,107 - __main__ - INFO - 网络异常
2022-09-11 12:41:14,442 - __main__ - INFO - 网络异常
2022-09-11 12:41:17,749 - __main__ - INFO - 网络异常
2022-09-11 12:41:21,109 - __main__ - INFO - 网络异常
2022-09-11 12:41:24,427 - __main__ - INFO - 网络异常
2022-09-11 12:41:27,736 - __main__ - INFO - 网络异常
2022-09-11 12:41:31,074 - __main__ - INFO - 网络异常
2022-09-11 12:41:34,414 - __main__ - INFO - 网络异常
2022-09-11 12:41:37,740 - __main__ - INFO - 网络异常
2022-09-11 12:41:41,080 - __main__ - INFO - 网络异常
2022-09-11 12:41:44,414 - __main__ - INFO - 网络异常
2022-09-11 12:41:47,755 - __main__ - INFO - 网络异常
2022-09-11 12:41:51,099 - __main__ - INFO - 网络异常
2022-09-11 12:41:54,441 - __main__ - INFO - 网络异常
2022-09-11 12:41:57,770 - __main__ - INFO - 网络异常
2022-09-11 12:42:01,099 - __main__ - INFO - 网络异常
2022-09-11 12:42:04,419 - __main__ - INFO - 网络异常
2022-09-11 12:42:07,754 - __main__ - INFO - 网络异常
2022-09-11 12:42:11,078 - __main__ - INFO - 网络异常
2022-09-11 12:42:14,422 - __main__ - INFO - 网络异常
2022-09-11 12:42:17,746 - __main__ - INFO - 网络异常
2022-09-11 12:42:21,068 - __main__ - INFO - 网络异常
2022-09-11 12:42:24,392 - __main__ - INFO - 网络异常
2022-09-11 12:42:27,724 - __main__ - INFO - 网络异常
2022-09-11 12:42:31,061 - __main__ - INFO - 网络异常
2022-09-11 12:42:34,384 - __main__ - INFO - 网络异常
2022-09-11 12:42:37,720 - __main__ - INFO - 网络异常
2022-09-11 12:42:41,057 - __main__ - INFO - 网络异常
2022-09-11 12:42:44,402 - __main__ - INFO - 网络异常
2022-09-11 12:42:47,723 - __main__ - INFO - 网络异常
2022-09-11 12:42:51,063 - __main__ - INFO - 网络异常
2022-09-11 12:42:54,379 - __main__ - INFO - 网络异常
2022-09-11 12:42:57,722 - __main__ - INFO - 网络异常
2022-09-11 12:43:01,072 - __main__ - INFO - 网络异常
2022-09-11 12:43:04,390 - __main__ - INFO - 网络异常
2022-09-11 12:43:07,721 - __main__ - INFO - 网络异常
2022-09-11 12:43:11,064 - __main__ - INFO - 网络异常
2022-09-11 12:43:14,401 - __main__ - INFO - 网络异常
2022-09-11 12:43:17,722 - __main__ - INFO - 网络异常
2022-09-11 12:43:21,066 - __main__ - INFO - 网络异常
2022-09-11 12:43:24,398 - __main__ - INFO - 网络异常
2022-09-11 12:43:27,731 - __main__ - INFO - 网络异常
2022-09-11 12:43:31,078 - __main__ - INFO - 网络异常
2022-09-11 12:43:34,416 - __main__ - INFO - 网络异常
2022-09-11 12:43:37,737 - __main__ - INFO - 网络异常
2022-09-11 12:43:41,071 - __main__ - INFO - 网络异常
2022-09-11 12:43:44,406 - __main__ - INFO - 网络异常
2022-09-11 12:43:47,757 - __main__ - INFO - 网络异常
2022-09-11 12:43:51,106 - __main__ - INFO - 网络异常
2022-09-11 12:43:54,444 - __main__ - INFO - 网络异常
2022-09-11 12:43:57,784 - __main__ - INFO - 网络异常
2022-09-11 12:44:01,118 - __main__ - INFO - 网络异常
2022-09-11 12:44:04,464 - __main__ - INFO - 网络异常
2022-09-11 12:44:07,780 - __main__ - INFO - 网络异常
2022-09-11 12:44:11,115 - __main__ - INFO - 网络异常
2022-09-11 12:44:14,430 - __main__ - INFO - 网络异常
2022-09-11 12:44:17,782 - __main__ - INFO - 网络异常
2022-09-11 12:44:21,122 - __main__ - INFO - 网络异常
2022-09-11 12:44:24,461 - __main__ - INFO - 网络异常
2022-09-11 12:44:27,821 - __main__ - INFO - 网络异常
2022-09-11 12:44:31,180 - __main__ - INFO - 网络异常
2022-09-11 12:44:34,505 - __main__ - INFO - 网络异常
2022-09-11 12:44:37,834 - __main__ - INFO - 网络异常
2022-09-11 12:44:41,174 - __main__ - INFO - 网络异常
2022-09-11 12:44:44,531 - __main__ - INFO - 网络异常
2022-09-11 12:44:47,837 - __main__ - INFO - 网络异常
2022-09-11 13:02:15,102 - __main__ - INFO - 网络异常
2022-09-11 14:21:47,639 - __main__ - INFO - 网络异常
2022-09-12 01:27:42,651 - __main__ - INFO - 网络异常
2022-09-12 02:09:26,764 - __main__ - INFO - 网络异常
2022-09-12 04:00:05,440 - __main__ - INFO - 网络异常
2022-09-12 04:00:13,450 - __main__ - INFO - 网络异常
2022-09-12 04:00:19,621 - __main__ - INFO - 网络异常
2022-09-12 04:00:25,804 - __main__ - INFO - 网络异常
2022-09-12 04:00:33,813 - __main__ - INFO - 网络异常
2022-09-12 04:00:41,824 - __main__ - INFO - 网络异常
2022-09-12 04:00:49,835 - __main__ - INFO - 网络异常
2022-09-12 04:00:55,885 - __main__ - INFO - 网络异常
2022-09-12 04:00:58,896 - __main__ - INFO - 网络异常
2022-09-12 04:01:05,058 - __main__ - INFO - 网络异常
2022-09-12 04:01:13,066 - __main__ - INFO - 网络异常
2022-09-12 09:56:19,901 - __main__ - INFO - 网络异常
2022-09-12 13:04:35,483 - __main__ - INFO - 网络异常
2022-09-12 21:29:14,031 - __main__ - INFO - 网络异常
2022-09-12 21:46:20,784 - __main__ - INFO - 网络异常
2022-09-12 21:47:13,137 - __main__ - INFO - 网络异常
2022-09-12 21:51:51,220 - __main__ - INFO - 网络异常
2022-09-12 21:57:16,687 - __main__ - INFO - 网络异常
2022-09-12 21:58:08,523 - __main__ - INFO - 网络异常
2022-09-12 21:58:33,088 - __main__ - INFO - 网络异常
2022-09-12 21:59:17,230 - __main__ - INFO - 网络异常
2022-09-12 23:58:19,066 - __main__ - INFO - 网络异常
2022-09-13 11:41:32,832 - __main__ - INFO - 网络异常
2022-09-13 14:39:28,269 - __main__ - INFO - 网络异常
2022-09-13 17:15:30,537 - __main__ - INFO - 网络异常
2022-09-13 17:24:26,673 - __main__ - INFO - 网络异常
2022-09-13 17:37:57,238 - __main__ - INFO - 网络异常
2022-09-13 17:39:28,160 - __main__ - INFO - 网络异常
2022-09-13 17:50:27,446 - __main__ - INFO - 网络异常
2022-09-13 17:52:25,657 - __main__ - INFO - 网络异常
2022-09-13 18:02:42,177 - __main__ - INFO - 网络异常
2022-09-13 18:06:32,364 - __main__ - INFO - 网络异常
2022-09-13 18:06:40,373 - __main__ - INFO - 网络异常
2022-09-13 18:06:48,383 - __main__ - INFO - 网络异常
2022-09-13 18:27:31,042 - __main__ - INFO - 网络异常
2022-09-13 21:39:44,415 - __main__ - INFO - 网络异常
2022-09-13 21:44:27,646 - __main__ - INFO - 网络异常
2022-09-13 21:51:53,294 - __main__ - INFO - 网络异常
2022-09-13 22:00:24,941 - __main__ - INFO - 网络异常
2022-09-13 22:03:51,048 - __main__ - INFO - 网络异常
2022-09-13 22:08:43,587 - __main__ - INFO - 网络异常
2022-09-13 22:12:11,762 - __main__ - INFO - 网络异常
2022-09-13 22:12:31,728 - __main__ - INFO - 网络异常
2022-09-13 22:13:30,887 - __main__ - INFO - 网络异常
2022-09-13 22:13:50,866 - __main__ - INFO - 网络异常
2022-09-13 22:15:38,344 - __main__ - INFO - 网络异常
2022-09-14 10:09:03,175 - __main__ - INFO - 网络异常
2022-09-14 11:50:31,370 - __main__ - INFO - 网络异常
2022-09-14 11:58:19,474 - __main__ - INFO - 网络异常
2022-09-14 11:58:35,410 - __main__ - INFO - 网络异常
2022-09-14 11:58:47,365 - __main__ - INFO - 网络异常
2022-09-14 12:02:40,133 - __main__ - INFO - 网络异常
2022-09-14 12:06:30,288 - __main__ - INFO - 网络异常
2022-09-14 12:26:12,998 - __main__ - INFO - 网络异常
2022-09-14 13:31:05,568 - __main__ - INFO - 网络异常
2022-09-14 13:31:13,580 - __main__ - INFO - 网络异常
2022-09-14 13:31:21,590 - __main__ - INFO - 网络异常
2022-09-14 13:32:25,889 - __main__ - INFO - 网络异常
2022-09-14 13:34:56,570 - __main__ - INFO - 网络异常
2022-09-14 13:35:08,499 - __main__ - INFO - 网络异常
2022-09-14 13:39:36,447 - __main__ - INFO - 网络异常
2022-09-14 13:43:33,467 - __main__ - INFO - 网络异常
2022-09-14 13:43:52,057 - __main__ - INFO - 网络异常
2022-09-14 13:45:27,853 - __main__ - INFO - 网络异常
2022-09-14 13:46:10,906 - __main__ - INFO - 网络异常
2022-09-14 13:47:08,466 - __main__ - INFO - 网络异常
2022-09-14 13:50:48,516 - __main__ - INFO - 网络异常
2022-09-14 13:55:45,064 - __main__ - INFO - 网络异常
2022-09-14 13:55:53,073 - __main__ - INFO - 网络异常
2022-09-14 13:56:01,082 - __main__ - INFO - 网络异常
2022-09-14 14:05:26,180 - __main__ - INFO - 网络异常
2022-09-14 15:06:49,006 - __main__ - INFO - 网络异常
2022-09-14 15:06:57,015 - __main__ - INFO - 网络异常
2022-09-14 15:36:17,436 - __main__ - INFO - 网络异常
2022-09-14 15:45:38,209 - __main__ - INFO - 网络异常
2022-09-14 15:46:02,762 - __main__ - INFO - 网络异常
2022-09-14 16:00:28,264 - __main__ - INFO - 网络异常
2022-09-14 16:02:01,482 - __main__ - INFO - 网络异常
2022-09-14 16:09:04,208 - __main__ - INFO - 网络异常
2022-09-14 16:13:07,695 - __main__ - INFO - 网络异常
2022-09-14 16:14:08,818 - __main__ - INFO - 网络异常
2022-09-14 16:48:10,899 - __main__ - INFO - 网络异常
2022-09-14 18:11:10,886 - __main__ - INFO - 网络异常
2022-09-14 21:10:35,201 - __main__ - INFO - 网络异常
2022-09-14 21:11:31,280 - __main__ - INFO - 网络异常
2022-09-14 22:39:39,333 - __main__ - INFO - 网络异常
2022-09-14 22:40:45,404 - __main__ - INFO - 网络异常
2022-09-14 22:41:14,163 - __main__ - INFO - 网络异常
2022-09-14 22:51:37,401 - __main__ - INFO - 网络异常
2022-09-14 22:52:54,676 - __main__ - INFO - 网络异常
2022-09-14 22:53:41,785 - __main__ - INFO - 网络异常
2022-09-14 22:53:53,761 - __main__ - INFO - 网络异常
2022-09-14 22:54:09,731 - __main__ - INFO - 网络异常
2022-09-14 22:57:06,575 - __main__ - INFO - 网络异常
2022-09-14 22:59:15,139 - __main__ - INFO - 网络异常
2022-09-14 23:03:40,045 - __main__ - INFO - 网络异常
2022-09-14 23:05:04,680 - __main__ - INFO - 网络异常
2022-09-15 00:22:57,418 - __main__ - INFO - 网络异常
2022-09-15 00:35:06,715 - __main__ - INFO - 网络异常
2022-09-15 00:44:49,196 - __main__ - INFO - 网络异常
2022-09-15 01:11:51,258 - __main__ - INFO - 网络异常
2022-09-15 01:11:59,270 - __main__ - INFO - 网络异常
2022-09-15 08:47:32,921 - __main__ - INFO - 网络异常
2022-09-15 08:49:57,858 - __main__ - INFO - 网络异常
2022-09-15 08:53:46,408 - __main__ - INFO - 网络异常
2022-09-15 09:18:24,462 - __main__ - INFO - 网络异常
2022-09-15 10:44:50,429 - __main__ - INFO - 网络异常
2022-09-15 11:04:10,003 - __main__ - INFO - 网络异常
2022-09-15 11:08:44,322 - __main__ - INFO - 网络异常
2022-09-15 11:23:43,807 - __main__ - INFO - 网络异常
2022-09-15 11:32:48,096 - __main__ - INFO - 网络异常
2022-09-15 11:37:44,603 - __main__ - INFO - 网络异常
2022-09-15 13:14:32,122 - __main__ - INFO - 网络异常
2022-09-15 13:25:28,228 - __main__ - INFO - 网络异常
2022-09-15 17:53:57,571 - __main__ - INFO - 网络异常
2022-09-15 19:11:06,515 - __main__ - INFO - 网络异常
2022-09-15 19:32:09,377 - __main__ - INFO - 网络异常
2022-09-15 19:32:12,541 - __main__ - INFO - 网络异常
2022-09-15 19:32:15,713 - __main__ - INFO - 网络异常
2022-09-15 19:32:18,887 - __main__ - INFO - 网络异常
2022-09-15 19:32:22,063 - __main__ - INFO - 网络异常
2022-09-15 19:32:25,234 - __main__ - INFO - 网络异常
2022-09-15 19:42:11,542 - __main__ - INFO - 网络异常
2022-09-15 19:42:29,194 - __main__ - INFO - 网络异常
2022-09-15 19:42:37,205 - __main__ - INFO - 网络异常
2022-09-15 19:46:18,950 - __main__ - INFO - 网络异常
2022-09-15 19:51:10,425 - __main__ - INFO - 网络异常
2022-09-15 19:53:42,326 - __main__ - INFO - 网络异常
2022-09-15 19:57:29,762 - __main__ - INFO - 网络异常
2022-09-15 19:58:45,058 - __main__ - INFO - 网络异常
2022-09-15 20:05:27,368 - __main__ - INFO - 网络异常
2022-09-15 21:28:30,918 - __main__ - INFO - 网络异常
2022-09-15 23:20:58,886 - __main__ - INFO - 网络异常
2022-09-15 23:21:06,897 - __main__ - INFO - 网络异常
2022-09-15 23:26:21,154 - __main__ - INFO - 网络异常
2022-09-15 23:36:26,500 - __main__ - INFO - 网络异常
2022-09-15 23:51:47,461 - __main__ - INFO - 网络异常
2022-09-16 13:24:22,541 - __main__ - INFO - 网络异常
2022-09-16 15:41:00,643 - __main__ - INFO - 网络异常
2022-09-16 16:55:54,085 - __main__ - INFO - 网络异常
2022-09-16 16:56:26,104 - __main__ - INFO - 网络异常
2022-09-16 16:57:02,116 - __main__ - INFO - 网络异常
2022-09-16 16:58:44,491 - __main__ - INFO - 网络异常
2022-09-16 18:42:22,970 - __main__ - INFO - 网络异常
2022-09-16 23:30:24,412 - __main__ - INFO - 网络异常
2022-09-17 02:59:16,919 - __main__ - INFO - 网络异常
2022-09-17 03:00:20,548 - __main__ - INFO - 网络异常
2022-09-17 03:01:24,157 - __main__ - INFO - 网络异常
2022-09-17 16:53:51,589 - __main__ - INFO - 网络异常
2022-09-17 17:53:38,851 - __main__ - INFO - 网络异常
2022-09-17 18:22:30,018 - __main__ - INFO - 网络异常
2022-09-17 18:23:21,562 - __main__ - INFO - 网络异常
2022-09-17 20:36:16,684 - __main__ - INFO - 网络异常
2022-09-17 20:38:58,742 - __main__ - INFO - 网络异常
2022-09-17 21:05:01,544 - __main__ - INFO - 网络异常
2022-09-17 21:14:26,415 - __main__ - INFO - 网络异常
2022-09-17 23:30:55,611 - __main__ - INFO - 网络异常
2022-09-18 15:42:05,324 - __main__ - INFO - 网络异常
2022-09-18 19:40:14,336 - __main__ - INFO - 网络异常
2022-09-18 19:40:22,346 - __main__ - INFO - 网络异常
2022-09-19 02:04:43,518 - __main__ - INFO - 网络异常
2022-09-19 03:19:10,006 - __main__ - INFO - 网络异常
2022-09-19 05:54:54,286 - __main__ - INFO - 网络异常
2022-09-19 10:58:20,235 - __main__ - INFO - 网络异常
2022-09-19 10:58:23,623 - __main__ - INFO - 网络异常
2022-09-19 10:58:27,004 - __main__ - INFO - 网络异常
2022-09-19 10:58:30,373 - __main__ - INFO - 网络异常
2022-09-19 10:58:33,733 - __main__ - INFO - 网络异常
2022-09-19 10:58:37,092 - __main__ - INFO - 网络异常
2022-09-19 10:58:40,440 - __main__ - INFO - 网络异常
2022-09-19 10:58:43,825 - __main__ - INFO - 网络异常
2022-09-19 10:58:47,232 - __main__ - INFO - 网络异常
2022-09-19 10:58:50,620 - __main__ - INFO - 网络异常
2022-09-19 10:58:53,972 - __main__ - INFO - 网络异常
2022-09-19 10:58:57,362 - __main__ - INFO - 网络异常
2022-09-19 10:59:00,741 - __main__ - INFO - 网络异常
2022-09-19 10:59:04,100 - __main__ - INFO - 网络异常
2022-09-19 10:59:07,506 - __main__ - INFO - 网络异常
2022-09-19 10:59:10,864 - __main__ - INFO - 网络异常
2022-09-19 10:59:14,252 - __main__ - INFO - 网络异常
2022-09-19 10:59:17,614 - __main__ - INFO - 网络异常
2022-09-19 10:59:21,034 - __main__ - INFO - 网络异常
2022-09-19 10:59:24,422 - __main__ - INFO - 网络异常
2022-09-19 10:59:27,985 - __main__ - INFO - 网络异常
2022-09-19 10:59:31,358 - __main__ - INFO - 网络异常
2022-09-19 10:59:35,576 - __main__ - INFO - 网络异常
2022-09-19 10:59:38,958 - __main__ - INFO - 网络异常
2022-09-19 10:59:42,368 - __main__ - INFO - 网络异常
2022-09-19 10:59:45,834 - __main__ - INFO - 网络异常
2022-09-19 10:59:49,220 - __main__ - INFO - 网络异常
2022-09-19 10:59:52,586 - __main__ - INFO - 网络异常
2022-09-19 10:59:55,942 - __main__ - INFO - 网络异常
2022-09-19 10:59:59,295 - __main__ - INFO - 网络异常
2022-09-19 11:00:02,651 - __main__ - INFO - 网络异常
2022-09-19 11:00:06,016 - __main__ - INFO - 网络异常
2022-09-19 11:00:09,416 - __main__ - INFO - 网络异常
2022-09-19 11:00:12,816 - __main__ - INFO - 网络异常
2022-09-19 11:00:16,161 - __main__ - INFO - 网络异常
2022-09-19 11:00:19,501 - __main__ - INFO - 网络异常
2022-09-19 11:00:22,854 - __main__ - INFO - 网络异常
2022-09-19 11:00:26,205 - __main__ - INFO - 网络异常
2022-09-19 11:00:29,537 - __main__ - INFO - 网络异常
2022-09-19 11:00:32,897 - __main__ - INFO - 网络异常
2022-09-19 11:00:36,253 - __main__ - INFO - 网络异常
2022-09-19 11:00:39,605 - __main__ - INFO - 网络异常
2022-09-19 11:00:42,956 - __main__ - INFO - 网络异常
2022-09-19 11:00:46,313 - __main__ - INFO - 网络异常
2022-09-19 11:00:49,660 - __main__ - INFO - 网络异常
2022-09-19 11:00:53,005 - __main__ - INFO - 网络异常
2022-09-19 11:00:56,356 - __main__ - INFO - 网络异常
2022-09-19 11:00:59,725 - __main__ - INFO - 网络异常
2022-09-19 11:01:03,066 - __main__ - INFO - 网络异常
2022-09-19 11:01:06,432 - __main__ - INFO - 网络异常
2022-09-19 11:01:09,798 - __main__ - INFO - 网络异常
2022-09-19 11:01:13,172 - __main__ - INFO - 网络异常
2022-09-19 11:01:16,523 - __main__ - INFO - 网络异常
2022-09-19 11:01:19,881 - __main__ - INFO - 网络异常
2022-09-19 11:01:23,304 - __main__ - INFO - 网络异常
2022-09-19 11:01:26,664 - __main__ - INFO - 网络异常
2022-09-19 11:01:30,022 - __main__ - INFO - 网络异常
2022-09-19 11:01:33,386 - __main__ - INFO - 网络异常
2022-09-19 11:01:36,744 - __main__ - INFO - 网络异常
2022-09-19 11:01:40,093 - __main__ - INFO - 网络异常
2022-09-19 11:01:43,440 - __main__ - INFO - 网络异常
2022-09-19 11:01:46,775 - __main__ - INFO - 网络异常
2022-09-19 11:01:50,127 - __main__ - INFO - 网络异常
2022-09-19 11:01:53,484 - __main__ - INFO - 网络异常
2022-09-19 11:01:56,862 - __main__ - INFO - 网络异常
2022-09-19 11:02:00,219 - __main__ - INFO - 网络异常
2022-09-19 11:02:03,579 - __main__ - INFO - 网络异常
2022-09-19 11:02:06,931 - __main__ - INFO - 网络异常
2022-09-19 11:02:10,288 - __main__ - INFO - 网络异常
2022-09-19 11:02:13,667 - __main__ - INFO - 网络异常
2022-09-19 11:02:17,028 - __main__ - INFO - 网络异常
2022-09-19 11:02:20,394 - __main__ - INFO - 网络异常
2022-09-19 11:02:23,750 - __main__ - INFO - 网络异常
2022-09-19 11:02:27,102 - __main__ - INFO - 网络异常
2022-09-19 11:02:30,457 - __main__ - INFO - 网络异常
2022-09-19 11:02:33,816 - __main__ - INFO - 网络异常
2022-09-19 11:02:37,296 - __main__ - INFO - 网络异常
2022-09-19 11:02:40,654 - __main__ - INFO - 网络异常
2022-09-19 11:02:43,989 - __main__ - INFO - 网络异常
2022-09-19 11:02:47,326 - __main__ - INFO - 网络异常
2022-09-19 11:02:50,681 - __main__ - INFO - 网络异常
2022-09-19 11:02:54,030 - __main__ - INFO - 网络异常
2022-09-19 11:02:57,388 - __main__ - INFO - 网络异常
2022-09-19 11:03:00,751 - __main__ - INFO - 网络异常
2022-09-19 11:03:04,102 - __main__ - INFO - 网络异常
2022-09-19 11:03:07,461 - __main__ - INFO - 网络异常
2022-09-19 11:03:11,143 - __main__ - INFO - 网络异常
2022-09-19 11:03:14,490 - __main__ - INFO - 网络异常
2022-09-19 11:03:17,862 - __main__ - INFO - 网络异常
2022-09-19 11:03:22,772 - __main__ - INFO - 网络异常
2022-09-19 11:03:26,134 - __main__ - INFO - 网络异常
2022-09-19 11:03:29,487 - __main__ - INFO - 网络异常
2022-09-19 11:03:32,863 - __main__ - INFO - 网络异常
2022-09-19 11:03:36,221 - __main__ - INFO - 网络异常
2022-09-19 11:03:39,593 - __main__ - INFO - 网络异常
2022-09-19 11:03:42,978 - __main__ - INFO - 网络异常
2022-09-19 11:03:46,387 - __main__ - INFO - 网络异常
2022-09-19 11:03:49,758 - __main__ - INFO - 网络异常
2022-09-19 11:03:53,110 - __main__ - INFO - 网络异常
2022-09-19 11:03:56,477 - __main__ - INFO - 网络异常
2022-09-19 11:03:59,858 - __main__ - INFO - 网络异常
2022-09-19 11:04:03,246 - __main__ - INFO - 网络异常
2022-09-19 11:04:06,595 - __main__ - INFO - 网络异常
2022-09-19 11:04:09,950 - __main__ - INFO - 网络异常
2022-09-19 11:04:13,336 - __main__ - INFO - 网络异常
2022-09-19 11:04:16,707 - __main__ - INFO - 网络异常
2022-09-19 11:04:20,054 - __main__ - INFO - 网络异常
2022-09-19 11:04:23,408 - __main__ - INFO - 网络异常
2022-09-19 11:04:26,775 - __main__ - INFO - 网络异常
2022-09-19 11:04:30,153 - __main__ - INFO - 网络异常
2022-09-19 11:04:33,528 - __main__ - INFO - 网络异常
2022-09-19 11:04:36,897 - __main__ - INFO - 网络异常
2022-09-19 11:04:41,028 - __main__ - INFO - 网络异常
2022-09-19 11:04:44,401 - __main__ - INFO - 网络异常
2022-09-19 11:04:47,779 - __main__ - INFO - 网络异常
2022-09-19 11:04:51,123 - __main__ - INFO - 网络异常
2022-09-19 11:04:56,545 - __main__ - INFO - 网络异常
2022-09-19 11:05:00,970 - __main__ - INFO - 网络异常
2022-09-19 11:05:04,381 - __main__ - INFO - 网络异常
2022-09-19 11:05:07,753 - __main__ - INFO - 网络异常
2022-09-19 11:05:11,128 - __main__ - INFO - 网络异常
2022-09-19 11:05:14,514 - __main__ - INFO - 网络异常
2022-09-19 11:05:17,944 - __main__ - INFO - 网络异常
2022-09-19 11:05:22,341 - __main__ - INFO - 网络异常
2022-09-19 11:05:26,111 - __main__ - INFO - 网络异常
2022-09-19 11:05:29,494 - __main__ - INFO - 网络异常
2022-09-19 11:05:32,988 - __main__ - INFO - 网络异常
2022-09-19 11:05:36,360 - __main__ - INFO - 网络异常
2022-09-19 11:05:39,802 - __main__ - INFO - 网络异常
2022-09-19 11:05:43,308 - __main__ - INFO - 网络异常
2022-09-19 11:05:46,684 - __main__ - INFO - 网络异常
2022-09-19 11:05:50,055 - __main__ - INFO - 网络异常
2022-09-19 11:05:53,490 - __main__ - INFO - 网络异常
2022-09-19 11:05:56,866 - __main__ - INFO - 网络异常
2022-09-19 11:06:00,313 - __main__ - INFO - 网络异常
2022-09-19 11:06:03,684 - __main__ - INFO - 网络异常
2022-09-19 11:06:07,051 - __main__ - INFO - 网络异常
2022-09-19 11:06:10,418 - __main__ - INFO - 网络异常
2022-09-19 11:06:13,798 - __main__ - INFO - 网络异常
2022-09-19 11:06:17,513 - __main__ - INFO - 网络异常
2022-09-19 11:06:20,867 - __main__ - INFO - 网络异常
2022-09-19 11:06:24,224 - __main__ - INFO - 网络异常
2022-09-19 11:06:27,577 - __main__ - INFO - 网络异常
2022-09-19 11:06:30,940 - __main__ - INFO - 网络异常
2022-09-19 11:06:34,315 - __main__ - INFO - 网络异常
2022-09-19 11:06:37,662 - __main__ - INFO - 网络异常
2022-09-19 11:06:41,041 - __main__ - INFO - 网络异常
2022-09-19 11:06:44,635 - __main__ - INFO - 网络异常
2022-09-19 11:06:48,053 - __main__ - INFO - 网络异常
2022-09-19 11:06:51,469 - __main__ - INFO - 网络异常
2022-09-19 11:06:54,928 - __main__ - INFO - 网络异常
2022-09-19 11:07:00,370 - __main__ - INFO - 网络异常
2022-09-19 11:07:03,781 - __main__ - INFO - 网络异常
2022-09-19 11:07:08,282 - __main__ - INFO - 网络异常
2022-09-19 11:07:11,734 - __main__ - INFO - 网络异常
2022-09-19 11:07:15,462 - __main__ - INFO - 网络异常
2022-09-19 11:07:18,891 - __main__ - INFO - 网络异常
2022-09-19 11:07:22,278 - __main__ - INFO - 网络异常
2022-09-19 11:07:29,859 - __main__ - INFO - 网络异常
2022-09-19 11:07:33,223 - __main__ - INFO - 网络异常
2022-09-19 11:07:38,723 - __main__ - INFO - 网络异常
2022-09-19 11:07:42,079 - __main__ - INFO - 网络异常
2022-09-19 11:07:45,700 - __main__ - INFO - 网络异常
2022-09-19 11:07:49,062 - __main__ - INFO - 网络异常
2022-09-19 11:07:52,416 - __main__ - INFO - 网络异常
2022-09-19 11:07:55,963 - __main__ - INFO - 网络异常
2022-09-19 11:07:59,471 - __main__ - INFO - 网络异常
2022-09-19 11:08:03,033 - __main__ - INFO - 网络异常
2022-09-19 11:08:06,424 - __main__ - INFO - 网络异常
2022-09-19 11:08:09,868 - __main__ - INFO - 网络异常
2022-09-19 11:08:13,226 - __main__ - INFO - 网络异常
2022-09-19 11:08:16,587 - __main__ - INFO - 网络异常
2022-09-19 11:08:20,028 - __main__ - INFO - 网络异常
2022-09-19 11:08:23,380 - __main__ - INFO - 网络异常
2022-09-19 11:08:26,727 - __main__ - INFO - 网络异常
2022-09-19 11:08:31,174 - __main__ - INFO - 网络异常
2022-09-19 11:08:34,542 - __main__ - INFO - 网络异常
2022-09-19 11:08:37,907 - __main__ - INFO - 网络异常
2022-09-19 11:08:41,271 - __main__ - INFO - 网络异常
2022-09-19 11:08:44,637 - __main__ - INFO - 网络异常
2022-09-19 11:08:50,091 - __main__ - INFO - 网络异常
2022-09-19 11:08:53,489 - __main__ - INFO - 网络异常
2022-09-19 11:08:56,864 - __main__ - INFO - 网络异常
2022-09-19 11:09:04,867 - __main__ - INFO - 网络异常
2022-09-19 11:09:08,360 - __main__ - INFO - 网络异常
2022-09-19 11:09:12,889 - __main__ - INFO - 网络异常
2022-09-19 11:09:16,302 - __main__ - INFO - 网络异常
2022-09-19 11:09:19,662 - __main__ - INFO - 网络异常
2022-09-19 11:09:23,015 - __main__ - INFO - 网络异常
2022-09-19 11:09:26,370 - __main__ - INFO - 网络异常
2022-09-19 11:09:29,786 - __main__ - INFO - 网络异常
2022-09-19 11:09:33,167 - __main__ - INFO - 网络异常
2022-09-19 11:09:36,521 - __main__ - INFO - 网络异常
2022-09-19 11:09:39,882 - __main__ - INFO - 网络异常
2022-09-19 11:09:43,231 - __main__ - INFO - 网络异常
2022-09-19 11:09:46,611 - __main__ - INFO - 网络异常
2022-09-19 11:09:49,987 - __main__ - INFO - 网络异常
2022-09-19 11:09:53,348 - __main__ - INFO - 网络异常
2022-09-19 11:09:56,691 - __main__ - INFO - 网络异常
2022-09-19 11:10:00,043 - __main__ - INFO - 网络异常
2022-09-19 11:10:03,394 - __main__ - INFO - 网络异常
2022-09-19 11:10:06,741 - __main__ - INFO - 网络异常
2022-09-19 11:10:10,088 - __main__ - INFO - 网络异常
2022-09-19 11:10:13,448 - __main__ - INFO - 网络异常
2022-09-19 11:10:16,811 - __main__ - INFO - 网络异常
2022-09-19 11:10:20,191 - __main__ - INFO - 网络异常
2022-09-19 11:10:23,553 - __main__ - INFO - 网络异常
2022-09-19 11:10:26,922 - __main__ - INFO - 网络异常
2022-09-19 11:10:30,288 - __main__ - INFO - 网络异常
2022-09-19 11:10:33,650 - __main__ - INFO - 网络异常
2022-09-19 11:10:37,007 - __main__ - INFO - 网络异常
2022-09-19 11:10:40,407 - __main__ - INFO - 网络异常
2022-09-19 11:10:43,782 - __main__ - INFO - 网络异常
2022-09-19 11:10:47,378 - __main__ - INFO - 网络异常
2022-09-19 11:10:50,745 - __main__ - INFO - 网络异常
2022-09-19 11:10:54,140 - __main__ - INFO - 网络异常
2022-09-19 11:10:57,493 - __main__ - INFO - 网络异常
2022-09-19 11:11:00,897 - __main__ - INFO - 网络异常
2022-09-19 11:11:04,291 - __main__ - INFO - 网络异常
2022-09-19 11:11:07,668 - __main__ - INFO - 网络异常
2022-09-19 11:11:11,060 - __main__ - INFO - 网络异常
2022-09-19 11:11:14,434 - __main__ - INFO - 网络异常
2022-09-19 11:11:17,809 - __main__ - INFO - 网络异常
2022-09-19 11:11:22,137 - __main__ - INFO - 网络异常
2022-09-19 11:11:25,620 - __main__ - INFO - 网络异常
2022-09-19 11:11:29,001 - __main__ - INFO - 网络异常
2022-09-19 11:11:32,356 - __main__ - INFO - 网络异常
2022-09-19 11:11:35,718 - __main__ - INFO - 网络异常
2022-09-19 11:11:39,085 - __main__ - INFO - 网络异常
2022-09-19 11:11:42,451 - __main__ - INFO - 网络异常
2022-09-19 11:11:45,842 - __main__ - INFO - 网络异常
2022-09-19 11:11:49,265 - __main__ - INFO - 网络异常
2022-09-19 11:11:52,674 - __main__ - INFO - 网络异常
2022-09-19 11:11:56,052 - __main__ - INFO - 网络异常
2022-09-19 11:11:59,427 - __main__ - INFO - 网络异常
2022-09-19 11:12:02,830 - __main__ - INFO - 网络异常
2022-09-19 11:12:06,190 - __main__ - INFO - 网络异常
2022-09-19 11:12:09,614 - __main__ - INFO - 网络异常
2022-09-19 11:12:12,998 - __main__ - INFO - 网络异常
2022-09-19 11:12:16,382 - __main__ - INFO - 网络异常
2022-09-19 11:12:19,778 - __main__ - INFO - 网络异常
2022-09-19 11:12:23,151 - __main__ - INFO - 网络异常
2022-09-19 11:12:26,501 - __main__ - INFO - 网络异常
2022-09-19 11:12:29,935 - __main__ - INFO - 网络异常
2022-09-19 11:12:33,301 - __main__ - INFO - 网络异常
2022-09-19 11:12:36,654 - __main__ - INFO - 网络异常
2022-09-19 11:12:40,016 - __main__ - INFO - 网络异常
2022-09-19 11:12:43,387 - __main__ - INFO - 网络异常
2022-09-19 11:12:46,758 - __main__ - INFO - 网络异常
2022-09-19 11:12:50,130 - __main__ - INFO - 网络异常
2022-09-19 11:12:53,511 - __main__ - INFO - 网络异常
2022-09-19 11:12:56,870 - __main__ - INFO - 网络异常
2022-09-19 11:13:00,228 - __main__ - INFO - 网络异常
2022-09-19 11:13:03,570 - __main__ - INFO - 网络异常
2022-09-19 11:13:06,927 - __main__ - INFO - 网络异常
2022-09-19 11:13:10,261 - __main__ - INFO - 网络异常
2022-09-19 11:13:13,632 - __main__ - INFO - 网络异常
2022-09-19 11:13:16,976 - __main__ - INFO - 网络异常
2022-09-19 11:13:20,310 - __main__ - INFO - 网络异常
2022-09-19 11:13:23,682 - __main__ - INFO - 网络异常
2022-09-19 11:13:27,050 - __main__ - INFO - 网络异常
2022-09-19 11:13:30,432 - __main__ - INFO - 网络异常
2022-09-19 11:13:33,813 - __main__ - INFO - 网络异常
2022-09-19 11:13:37,453 - __main__ - INFO - 网络异常
2022-09-19 11:13:40,889 - __main__ - INFO - 网络异常
2022-09-19 11:13:44,256 - __main__ - INFO - 网络异常
2022-09-19 11:13:47,605 - __main__ - INFO - 网络异常
2022-09-19 11:13:50,949 - __main__ - INFO - 网络异常
2022-09-19 11:13:54,299 - __main__ - INFO - 网络异常
2022-09-19 11:13:57,661 - __main__ - INFO - 网络异常
2022-09-19 11:14:01,025 - __main__ - INFO - 网络异常
2022-09-19 11:14:04,409 - __main__ - INFO - 网络异常
2022-09-19 11:14:07,752 - __main__ - INFO - 网络异常
2022-09-19 11:14:11,088 - __main__ - INFO - 网络异常
2022-09-19 11:14:14,434 - __main__ - INFO - 网络异常
2022-09-19 11:14:17,790 - __main__ - INFO - 网络异常
2022-09-19 11:14:21,136 - __main__ - INFO - 网络异常
2022-09-19 11:14:24,490 - __main__ - INFO - 网络异常
2022-09-19 11:14:27,848 - __main__ - INFO - 网络异常
2022-09-19 11:14:31,191 - __main__ - INFO - 网络异常
2022-09-19 11:14:34,562 - __main__ - INFO - 网络异常
2022-09-19 11:14:37,918 - __main__ - INFO - 网络异常
2022-09-19 11:14:41,274 - __main__ - INFO - 网络异常
2022-09-19 11:14:44,625 - __main__ - INFO - 网络异常
2022-09-19 11:14:47,979 - __main__ - INFO - 网络异常
2022-09-19 11:14:51,336 - __main__ - INFO - 网络异常
2022-09-19 11:14:54,681 - __main__ - INFO - 网络异常
2022-09-19 11:14:58,045 - __main__ - INFO - 网络异常
2022-09-19 11:15:01,389 - __main__ - INFO - 网络异常
2022-09-19 11:15:04,745 - __main__ - INFO - 网络异常
2022-09-19 11:15:08,102 - __main__ - INFO - 网络异常
2022-09-19 11:15:11,459 - __main__ - INFO - 网络异常
2022-09-19 11:15:14,807 - __main__ - INFO - 网络异常
2022-09-19 11:15:18,142 - __main__ - INFO - 网络异常
2022-09-19 11:15:21,503 - __main__ - INFO - 网络异常
2022-09-19 11:15:24,857 - __main__ - INFO - 网络异常
2022-09-19 11:15:28,216 - __main__ - INFO - 网络异常
2022-09-19 11:15:31,581 - __main__ - INFO - 网络异常
2022-09-19 11:15:34,925 - __main__ - INFO - 网络异常
2022-09-19 11:15:38,267 - __main__ - INFO - 网络异常
2022-09-19 11:15:41,618 - __main__ - INFO - 网络异常
2022-09-19 11:15:44,964 - __main__ - INFO - 网络异常
2022-09-19 11:15:48,318 - __main__ - INFO - 网络异常
2022-09-19 11:15:51,675 - __main__ - INFO - 网络异常
2022-09-19 11:15:55,034 - __main__ - INFO - 网络异常
2022-09-19 11:15:58,461 - __main__ - INFO - 网络异常
2022-09-19 11:16:01,807 - __main__ - INFO - 网络异常
2022-09-19 11:16:05,167 - __main__ - INFO - 网络异常
2022-09-19 11:16:08,525 - __main__ - INFO - 网络异常
2022-09-19 11:16:11,904 - __main__ - INFO - 网络异常
2022-09-19 11:16:15,252 - __main__ - INFO - 网络异常
2022-09-19 11:16:18,627 - __main__ - INFO - 网络异常
2022-09-19 11:16:22,002 - __main__ - INFO - 网络异常
2022-09-19 11:16:25,363 - __main__ - INFO - 网络异常
2022-09-19 11:16:28,718 - __main__ - INFO - 网络异常
2022-09-19 11:16:32,275 - __main__ - INFO - 网络异常
2022-09-19 11:16:35,645 - __main__ - INFO - 网络异常
2022-09-19 11:16:39,021 - __main__ - INFO - 网络异常
2022-09-19 11:16:42,367 - __main__ - INFO - 网络异常
2022-09-19 11:16:45,745 - __main__ - INFO - 网络异常
2022-09-19 11:16:49,158 - __main__ - INFO - 网络异常
2022-09-19 11:16:52,505 - __main__ - INFO - 网络异常
2022-09-19 11:16:55,914 - __main__ - INFO - 网络异常
2022-09-19 11:16:59,286 - __main__ - INFO - 网络异常
2022-09-19 11:17:02,630 - __main__ - INFO - 网络异常
2022-09-19 11:17:05,974 - __main__ - INFO - 网络异常
2022-09-19 11:17:09,318 - __main__ - INFO - 网络异常
2022-09-19 11:17:12,686 - __main__ - INFO - 网络异常
2022-09-19 11:17:16,041 - __main__ - INFO - 网络异常
2022-09-19 11:17:19,395 - __main__ - INFO - 网络异常
2022-09-19 11:17:22,768 - __main__ - INFO - 网络异常
2022-09-19 11:17:26,119 - __main__ - INFO - 网络异常
2022-09-19 11:17:29,492 - __main__ - INFO - 网络异常
2022-09-19 11:17:32,867 - __main__ - INFO - 网络异常
2022-09-19 11:17:36,216 - __main__ - INFO - 网络异常
2022-09-19 11:17:39,699 - __main__ - INFO - 网络异常
2022-09-19 11:17:43,078 - __main__ - INFO - 网络异常
2022-09-19 11:17:46,442 - __main__ - INFO - 网络异常
2022-09-19 11:17:49,813 - __main__ - INFO - 网络异常
2022-09-19 11:17:53,166 - __main__ - INFO - 网络异常
2022-09-19 11:17:56,522 - __main__ - INFO - 网络异常
2022-09-19 11:17:59,881 - __main__ - INFO - 网络异常
2022-09-19 11:18:03,227 - __main__ - INFO - 网络异常
2022-09-19 11:18:06,581 - __main__ - INFO - 网络异常
2022-09-19 11:18:09,931 - __main__ - INFO - 网络异常
2022-09-19 11:18:13,298 - __main__ - INFO - 网络异常
2022-09-19 11:18:16,648 - __main__ - INFO - 网络异常
2022-09-19 11:18:19,998 - __main__ - INFO - 网络异常
2022-09-19 11:18:23,350 - __main__ - INFO - 网络异常
2022-09-19 11:18:26,713 - __main__ - INFO - 网络异常
2022-09-19 11:18:30,077 - __main__ - INFO - 网络异常
2022-09-19 11:18:33,437 - __main__ - INFO - 网络异常
2022-09-19 11:18:36,792 - __main__ - INFO - 网络异常
2022-09-19 11:18:40,155 - __main__ - INFO - 网络异常
2022-09-19 11:18:43,498 - __main__ - INFO - 网络异常
2022-09-19 11:18:46,878 - __main__ - INFO - 网络异常
2022-09-19 11:18:50,221 - __main__ - INFO - 网络异常
2022-09-19 11:18:53,648 - __main__ - INFO - 网络异常
2022-09-19 11:18:56,995 - __main__ - INFO - 网络异常
2022-09-19 11:19:00,408 - __main__ - INFO - 网络异常
2022-09-19 11:19:03,775 - __main__ - INFO - 网络异常
2022-09-19 11:19:07,149 - __main__ - INFO - 网络异常
2022-09-19 11:19:10,511 - __main__ - INFO - 网络异常
2022-09-19 11:19:13,845 - __main__ - INFO - 网络异常
2022-09-19 11:19:17,296 - __main__ - INFO - 网络异常
2022-09-19 11:19:20,651 - __main__ - INFO - 网络异常
2022-09-19 11:19:24,001 - __main__ - INFO - 网络异常
2022-09-19 11:19:27,369 - __main__ - INFO - 网络异常
2022-09-19 11:19:30,722 - __main__ - INFO - 网络异常
2022-09-19 11:19:34,084 - __main__ - INFO - 网络异常
2022-09-19 11:19:37,472 - __main__ - INFO - 网络异常
2022-09-19 11:19:40,820 - __main__ - INFO - 网络异常
2022-09-19 11:19:44,178 - __main__ - INFO - 网络异常
2022-09-19 11:19:47,634 - __main__ - INFO - 网络异常
2022-09-19 11:19:50,994 - __main__ - INFO - 网络异常
2022-09-19 11:19:54,346 - __main__ - INFO - 网络异常
2022-09-19 11:19:57,732 - __main__ - INFO - 网络异常
2022-09-19 11:20:01,118 - __main__ - INFO - 网络异常
2022-09-19 11:20:04,475 - __main__ - INFO - 网络异常
2022-09-19 11:20:07,897 - __main__ - INFO - 网络异常
2022-09-19 11:20:11,268 - __main__ - INFO - 网络异常
2022-09-19 11:20:14,637 - __main__ - INFO - 网络异常
2022-09-19 11:20:17,987 - __main__ - INFO - 网络异常
2022-09-19 11:20:21,326 - __main__ - INFO - 网络异常
2022-09-19 11:20:24,685 - __main__ - INFO - 网络异常
2022-09-19 11:20:28,049 - __main__ - INFO - 网络异常
2022-09-19 11:20:31,405 - __main__ - INFO - 网络异常
2022-09-19 11:20:34,754 - __main__ - INFO - 网络异常
2022-09-19 11:20:38,089 - __main__ - INFO - 网络异常
2022-09-19 11:20:41,433 - __main__ - INFO - 网络异常
2022-09-19 11:20:44,801 - __main__ - INFO - 网络异常
2022-09-19 11:20:48,200 - __main__ - INFO - 网络异常
2022-09-19 11:20:51,549 - __main__ - INFO - 网络异常
2022-09-19 11:20:54,906 - __main__ - INFO - 网络异常
2022-09-19 11:20:58,268 - __main__ - INFO - 网络异常
2022-09-19 11:21:01,624 - __main__ - INFO - 网络异常
2022-09-19 11:21:04,977 - __main__ - INFO - 网络异常
2022-09-19 11:21:08,337 - __main__ - INFO - 网络异常
2022-09-19 11:21:11,703 - __main__ - INFO - 网络异常
2022-09-19 11:21:15,061 - __main__ - INFO - 网络异常
2022-09-19 11:21:18,417 - __main__ - INFO - 网络异常
2022-09-19 11:21:21,767 - __main__ - INFO - 网络异常
2022-09-19 11:21:25,129 - __main__ - INFO - 网络异常
2022-09-19 11:21:28,479 - __main__ - INFO - 网络异常
2022-09-19 11:21:31,832 - __main__ - INFO - 网络异常
2022-09-19 11:21:35,185 - __main__ - INFO - 网络异常
2022-09-19 11:21:38,542 - __main__ - INFO - 网络异常
2022-09-19 11:21:41,923 - __main__ - INFO - 网络异常
2022-09-19 11:21:45,294 - __main__ - INFO - 网络异常
2022-09-19 11:21:48,653 - __main__ - INFO - 网络异常
2022-09-19 11:21:52,076 - __main__ - INFO - 网络异常
2022-09-19 11:21:55,428 - __main__ - INFO - 网络异常
2022-09-19 11:21:58,810 - __main__ - INFO - 网络异常
2022-09-19 11:22:02,169 - __main__ - INFO - 网络异常
2022-09-19 11:22:05,539 - __main__ - INFO - 网络异常
2022-09-19 11:22:08,895 - __main__ - INFO - 网络异常
2022-09-19 11:22:12,279 - __main__ - INFO - 网络异常
2022-09-19 11:22:15,668 - __main__ - INFO - 网络异常
2022-09-19 11:22:19,043 - __main__ - INFO - 网络异常
2022-09-19 11:22:22,413 - __main__ - INFO - 网络异常
2022-09-19 11:22:25,779 - __main__ - INFO - 网络异常
2022-09-19 11:22:29,207 - __main__ - INFO - 网络异常
2022-09-19 11:22:32,571 - __main__ - INFO - 网络异常
2022-09-19 11:22:35,933 - __main__ - INFO - 网络异常
2022-09-19 11:22:39,296 - __main__ - INFO - 网络异常
2022-09-19 11:22:42,640 - __main__ - INFO - 网络异常
2022-09-19 11:22:46,043 - __main__ - INFO - 网络异常
2022-09-19 11:22:49,407 - __main__ - INFO - 网络异常
2022-09-19 11:22:52,783 - __main__ - INFO - 网络异常
2022-09-19 11:22:56,284 - __main__ - INFO - 网络异常
2022-09-19 11:22:59,639 - __main__ - INFO - 网络异常
2022-09-19 11:23:03,010 - __main__ - INFO - 网络异常
2022-09-19 11:23:06,365 - __main__ - INFO - 网络异常
2022-09-19 11:23:09,774 - __main__ - INFO - 网络异常
2022-09-19 11:23:13,140 - __main__ - INFO - 网络异常
2022-09-19 11:23:16,512 - __main__ - INFO - 网络异常
2022-09-19 11:23:19,895 - __main__ - INFO - 网络异常
2022-09-19 11:23:23,273 - __main__ - INFO - 网络异常
2022-09-19 11:23:26,653 - __main__ - INFO - 网络异常
2022-09-19 11:23:30,108 - __main__ - INFO - 网络异常
2022-09-19 11:23:33,537 - __main__ - INFO - 网络异常
2022-09-19 11:23:36,941 - __main__ - INFO - 网络异常
2022-09-19 11:23:40,349 - __main__ - INFO - 网络异常
2022-09-19 11:23:43,735 - __main__ - INFO - 网络异常
2022-09-19 11:23:47,103 - __main__ - INFO - 网络异常
2022-09-19 11:23:50,488 - __main__ - INFO - 网络异常
2022-09-19 11:23:53,849 - __main__ - INFO - 网络异常
2022-09-19 11:23:57,530 - __main__ - INFO - 网络异常
2022-09-19 11:24:00,969 - __main__ - INFO - 网络异常
2022-09-19 11:24:04,343 - __main__ - INFO - 网络异常
2022-09-19 11:24:07,703 - __main__ - INFO - 网络异常
2022-09-19 11:24:11,069 - __main__ - INFO - 网络异常
2022-09-19 11:24:14,471 - __main__ - INFO - 网络异常
2022-09-19 11:24:17,899 - __main__ - INFO - 网络异常
2022-09-19 11:24:21,242 - __main__ - INFO - 网络异常
2022-09-19 11:24:24,623 - __main__ - INFO - 网络异常
2022-09-19 11:24:28,063 - __main__ - INFO - 网络异常
2022-09-19 11:24:31,437 - __main__ - INFO - 网络异常
2022-09-19 11:24:34,826 - __main__ - INFO - 网络异常
2022-09-19 11:24:38,259 - __main__ - INFO - 网络异常
2022-09-19 11:24:41,695 - __main__ - INFO - 网络异常
2022-09-19 11:24:45,085 - __main__ - INFO - 网络异常
2022-09-19 11:24:48,470 - __main__ - INFO - 网络异常
2022-09-19 11:24:51,882 - __main__ - INFO - 网络异常
2022-09-19 11:24:55,300 - __main__ - INFO - 网络异常
2022-09-19 11:24:58,688 - __main__ - INFO - 网络异常
2022-09-19 11:25:02,151 - __main__ - INFO - 网络异常
2022-09-19 11:25:05,524 - __main__ - INFO - 网络异常
2022-09-19 11:25:08,870 - __main__ - INFO - 网络异常
2022-09-19 11:25:12,221 - __main__ - INFO - 网络异常
2022-09-19 11:25:15,580 - __main__ - INFO - 网络异常
2022-09-19 11:25:18,937 - __main__ - INFO - 网络异常
2022-09-19 11:25:22,293 - __main__ - INFO - 网络异常
2022-09-19 11:25:25,685 - __main__ - INFO - 网络异常
2022-09-19 11:25:29,040 - __main__ - INFO - 网络异常
2022-09-19 11:25:32,412 - __main__ - INFO - 网络异常
2022-09-19 11:25:35,795 - __main__ - INFO - 网络异常
2022-09-19 11:25:39,152 - __main__ - INFO - 网络异常
2022-09-19 11:25:42,502 - __main__ - INFO - 网络异常
2022-09-19 11:25:45,863 - __main__ - INFO - 网络异常
2022-09-19 11:25:49,281 - __main__ - INFO - 网络异常
2022-09-19 11:25:52,701 - __main__ - INFO - 网络异常
2022-09-19 11:25:56,082 - __main__ - INFO - 网络异常
2022-09-19 11:25:59,478 - __main__ - INFO - 网络异常
2022-09-19 11:26:02,867 - __main__ - INFO - 网络异常
2022-09-19 11:26:06,208 - __main__ - INFO - 网络异常
2022-09-19 11:26:09,606 - __main__ - INFO - 网络异常
2022-09-19 11:26:12,991 - __main__ - INFO - 网络异常
2022-09-19 11:26:16,355 - __main__ - INFO - 网络异常
2022-09-19 11:26:19,711 - __main__ - INFO - 网络异常
2022-09-19 11:26:23,066 - __main__ - INFO - 网络异常
2022-09-19 11:26:26,423 - __main__ - INFO - 网络异常
2022-09-19 11:26:29,793 - __main__ - INFO - 网络异常
2022-09-19 11:26:33,140 - __main__ - INFO - 网络异常
2022-09-19 11:26:36,497 - __main__ - INFO - 网络异常
2022-09-19 11:26:39,874 - __main__ - INFO - 网络异常
2022-09-19 11:26:43,243 - __main__ - INFO - 网络异常
2022-09-19 11:26:46,600 - __main__ - INFO - 网络异常
2022-09-19 11:26:49,997 - __main__ - INFO - 网络异常
2022-09-19 11:26:53,330 - __main__ - INFO - 网络异常
2022-09-19 11:26:56,675 - __main__ - INFO - 网络异常
2022-09-19 11:27:00,026 - __main__ - INFO - 网络异常
2022-09-19 11:27:03,395 - __main__ - INFO - 网络异常
2022-09-19 11:27:06,729 - __main__ - INFO - 网络异常
2022-09-19 11:27:10,118 - __main__ - INFO - 网络异常
2022-09-19 11:27:13,533 - __main__ - INFO - 网络异常
2022-09-19 11:27:16,899 - __main__ - INFO - 网络异常
2022-09-19 11:27:20,327 - __main__ - INFO - 网络异常
2022-09-19 11:27:23,669 - __main__ - INFO - 网络异常
2022-09-19 11:27:27,039 - __main__ - INFO - 网络异常
2022-09-19 11:27:30,389 - __main__ - INFO - 网络异常
2022-09-19 11:27:33,750 - __main__ - INFO - 网络异常
2022-09-19 11:27:37,093 - __main__ - INFO - 网络异常
2022-09-19 11:27:40,429 - __main__ - INFO - 网络异常
2022-09-19 11:27:43,769 - __main__ - INFO - 网络异常
2022-09-19 11:27:47,109 - __main__ - INFO - 网络异常
2022-09-19 11:27:50,479 - __main__ - INFO - 网络异常
2022-09-19 11:27:53,834 - __main__ - INFO - 网络异常
2022-09-19 11:27:57,241 - __main__ - INFO - 网络异常
2022-09-19 11:28:00,598 - __main__ - INFO - 网络异常
2022-09-19 11:28:03,947 - __main__ - INFO - 网络异常
2022-09-19 11:28:07,302 - __main__ - INFO - 网络异常
2022-09-19 11:28:10,660 - __main__ - INFO - 网络异常
2022-09-19 11:28:14,021 - __main__ - INFO - 网络异常
2022-09-19 11:28:17,397 - __main__ - INFO - 网络异常
2022-09-19 11:28:20,750 - __main__ - INFO - 网络异常
2022-09-19 11:28:24,119 - __main__ - INFO - 网络异常
2022-09-19 11:28:27,483 - __main__ - INFO - 网络异常
2022-09-19 11:28:30,868 - __main__ - INFO - 网络异常
2022-09-19 11:28:34,244 - __main__ - INFO - 网络异常
2022-09-19 11:28:37,609 - __main__ - INFO - 网络异常
2022-09-19 11:28:40,978 - __main__ - INFO - 网络异常
2022-09-19 11:28:44,317 - __main__ - INFO - 网络异常
2022-09-19 11:28:47,672 - __main__ - INFO - 网络异常
2022-09-19 11:28:51,012 - __main__ - INFO - 网络异常
2022-09-19 11:28:54,366 - __main__ - INFO - 网络异常
2022-09-19 11:28:57,744 - __main__ - INFO - 网络异常
2022-09-19 11:29:01,093 - __main__ - INFO - 网络异常
2022-09-19 11:29:04,458 - __main__ - INFO - 网络异常
2022-09-19 11:29:07,800 - __main__ - INFO - 网络异常
2022-09-19 11:29:11,142 - __main__ - INFO - 网络异常
2022-09-19 11:29:14,534 - __main__ - INFO - 网络异常
2022-09-19 11:29:17,901 - __main__ - INFO - 网络异常
2022-09-19 11:29:21,262 - __main__ - INFO - 网络异常
2022-09-19 11:29:24,635 - __main__ - INFO - 网络异常
2022-09-19 11:29:28,012 - __main__ - INFO - 网络异常
2022-09-19 11:29:31,368 - __main__ - INFO - 网络异常
2022-09-19 11:29:34,765 - __main__ - INFO - 网络异常
2022-09-19 11:29:38,122 - __main__ - INFO - 网络异常
2022-09-19 11:29:41,507 - __main__ - INFO - 网络异常
2022-09-19 11:29:44,939 - __main__ - INFO - 网络异常
2022-09-19 11:29:48,301 - __main__ - INFO - 网络异常
2022-09-19 11:29:51,721 - __main__ - INFO - 网络异常
2022-09-19 11:29:55,083 - __main__ - INFO - 网络异常
2022-09-19 11:29:58,468 - __main__ - INFO - 网络异常
2022-09-19 11:30:01,846 - __main__ - INFO - 网络异常
2022-09-19 11:30:05,204 - __main__ - INFO - 网络异常
2022-09-19 11:30:08,552 - __main__ - INFO - 网络异常
2022-09-19 11:30:11,918 - __main__ - INFO - 网络异常
2022-09-19 11:30:15,284 - __main__ - INFO - 网络异常
2022-09-19 11:30:18,646 - __main__ - INFO - 网络异常
2022-09-19 11:30:22,011 - __main__ - INFO - 网络异常
2022-09-19 11:30:25,380 - __main__ - INFO - 网络异常
2022-09-19 11:30:28,774 - __main__ - INFO - 网络异常
2022-09-19 11:30:32,158 - __main__ - INFO - 网络异常
2022-09-19 11:30:35,513 - __main__ - INFO - 网络异常
2022-09-19 11:30:38,876 - __main__ - INFO - 网络异常
2022-09-19 11:30:42,237 - __main__ - INFO - 网络异常
2022-09-19 11:30:45,630 - __main__ - INFO - 网络异常
2022-09-19 11:30:49,009 - __main__ - INFO - 网络异常
2022-09-19 11:30:52,379 - __main__ - INFO - 网络异常
2022-09-19 11:30:55,724 - __main__ - INFO - 网络异常
2022-09-19 11:30:59,134 - __main__ - INFO - 网络异常
2022-09-19 11:31:02,534 - __main__ - INFO - 网络异常
2022-09-19 11:31:05,911 - __main__ - INFO - 网络异常
2022-09-19 11:31:09,283 - __main__ - INFO - 网络异常
2022-09-19 11:31:12,715 - __main__ - INFO - 网络异常
2022-09-19 11:31:16,089 - __main__ - INFO - 网络异常
2022-09-19 11:31:19,444 - __main__ - INFO - 网络异常
2022-09-19 11:31:22,824 - __main__ - INFO - 网络异常
2022-09-19 11:31:26,235 - __main__ - INFO - 网络异常
2022-09-19 11:31:29,677 - __main__ - INFO - 网络异常
2022-09-19 11:31:33,111 - __main__ - INFO - 网络异常
2022-09-19 11:31:36,470 - __main__ - INFO - 网络异常
2022-09-19 11:31:39,819 - __main__ - INFO - 网络异常
2022-09-19 11:31:43,176 - __main__ - INFO - 网络异常
2022-09-19 11:31:46,550 - __main__ - INFO - 网络异常
2022-09-19 11:31:49,900 - __main__ - INFO - 网络异常
2022-09-19 11:31:53,349 - __main__ - INFO - 网络异常
2022-09-19 11:31:56,809 - __main__ - INFO - 网络异常
2022-09-19 11:32:00,199 - __main__ - INFO - 网络异常
2022-09-19 11:32:03,579 - __main__ - INFO - 网络异常
2022-09-19 11:32:06,940 - __main__ - INFO - 网络异常
2022-09-19 11:32:10,364 - __main__ - INFO - 网络异常
2022-09-19 11:32:13,728 - __main__ - INFO - 网络异常
2022-09-19 11:32:17,099 - __main__ - INFO - 网络异常
2022-09-19 11:32:20,444 - __main__ - INFO - 网络异常
2022-09-19 11:32:23,820 - __main__ - INFO - 网络异常
2022-09-19 11:32:27,331 - __main__ - INFO - 网络异常
2022-09-19 11:32:30,669 - __main__ - INFO - 网络异常
2022-09-19 11:32:34,038 - __main__ - INFO - 网络异常
2022-09-19 11:32:37,449 - __main__ - INFO - 网络异常
2022-09-19 11:32:40,816 - __main__ - INFO - 网络异常
2022-09-19 11:32:44,160 - __main__ - INFO - 网络异常
2022-09-19 11:32:47,510 - __main__ - INFO - 网络异常
2022-09-19 11:32:50,926 - __main__ - INFO - 网络异常
2022-09-19 11:32:54,266 - __main__ - INFO - 网络异常
2022-09-19 11:32:57,633 - __main__ - INFO - 网络异常
2022-09-19 11:33:01,005 - __main__ - INFO - 网络异常
2022-09-19 11:33:04,362 - __main__ - INFO - 网络异常
2022-09-19 11:33:07,743 - __main__ - INFO - 网络异常
2022-09-19 11:33:11,095 - __main__ - INFO - 网络异常
2022-09-19 11:33:14,432 - __main__ - INFO - 网络异常
2022-09-19 11:33:17,830 - __main__ - INFO - 网络异常
2022-09-19 11:33:21,188 - __main__ - INFO - 网络异常
2022-09-19 11:33:24,542 - __main__ - INFO - 网络异常
2022-09-19 11:33:27,875 - __main__ - INFO - 网络异常
2022-09-19 11:33:31,219 - __main__ - INFO - 网络异常
2022-09-19 11:33:34,558 - __main__ - INFO - 网络异常
2022-09-19 11:33:37,957 - __main__ - INFO - 网络异常
2022-09-19 11:33:41,292 - __main__ - INFO - 网络异常
2022-09-19 11:33:44,641 - __main__ - INFO - 网络异常
2022-09-19 11:33:48,039 - __main__ - INFO - 网络异常
2022-09-19 11:33:51,384 - __main__ - INFO - 网络异常
2022-09-19 11:33:54,753 - __main__ - INFO - 网络异常
2022-09-19 11:33:58,197 - __main__ - INFO - 网络异常
2022-09-19 11:34:01,569 - __main__ - INFO - 网络异常
2022-09-19 11:34:04,920 - __main__ - INFO - 网络异常
2022-09-19 11:34:08,279 - __main__ - INFO - 网络异常
2022-09-19 11:34:11,641 - __main__ - INFO - 网络异常
2022-09-19 11:34:14,994 - __main__ - INFO - 网络异常
2022-09-19 11:34:18,388 - __main__ - INFO - 网络异常
2022-09-19 11:34:21,757 - __main__ - INFO - 网络异常
2022-09-19 11:34:25,150 - __main__ - INFO - 网络异常
2022-09-19 11:34:28,581 - __main__ - INFO - 网络异常
2022-09-19 11:34:31,943 - __main__ - INFO - 网络异常
2022-09-19 11:34:35,302 - __main__ - INFO - 网络异常
2022-09-19 11:34:38,661 - __main__ - INFO - 网络异常
2022-09-19 11:34:42,036 - __main__ - INFO - 网络异常
2022-09-19 11:34:45,398 - __main__ - INFO - 网络异常
2022-09-19 11:34:48,757 - __main__ - INFO - 网络异常
2022-09-19 11:34:52,115 - __main__ - INFO - 网络异常
2022-09-19 11:34:55,474 - __main__ - INFO - 网络异常
2022-09-19 11:34:58,894 - __main__ - INFO - 网络异常
2022-09-19 11:35:02,252 - __main__ - INFO - 网络异常
2022-09-19 11:35:05,706 - __main__ - INFO - 网络异常
2022-09-19 11:35:09,190 - __main__ - INFO - 网络异常
2022-09-19 11:35:12,558 - __main__ - INFO - 网络异常
2022-09-19 11:35:15,914 - __main__ - INFO - 网络异常
2022-09-19 11:35:19,261 - __main__ - INFO - 网络异常
2022-09-19 11:35:22,640 - __main__ - INFO - 网络异常
2022-09-19 11:35:26,073 - __main__ - INFO - 网络异常
2022-09-19 11:35:29,452 - __main__ - INFO - 网络异常
2022-09-19 11:35:32,826 - __main__ - INFO - 网络异常
2022-09-19 11:35:36,167 - __main__ - INFO - 网络异常
2022-09-19 11:35:39,526 - __main__ - INFO - 网络异常
2022-09-19 11:35:42,895 - __main__ - INFO - 网络异常
2022-09-19 11:35:46,272 - __main__ - INFO - 网络异常
2022-09-19 11:35:49,636 - __main__ - INFO - 网络异常
2022-09-19 11:35:53,007 - __main__ - INFO - 网络异常
2022-09-19 11:35:56,359 - __main__ - INFO - 网络异常
2022-09-19 11:35:59,699 - __main__ - INFO - 网络异常
2022-09-19 11:36:03,055 - __main__ - INFO - 网络异常
2022-09-19 11:36:06,409 - __main__ - INFO - 网络异常
2022-09-19 11:36:09,777 - __main__ - INFO - 网络异常
2022-09-19 11:36:13,142 - __main__ - INFO - 网络异常
2022-09-19 11:36:16,527 - __main__ - INFO - 网络异常
2022-09-19 11:36:19,939 - __main__ - INFO - 网络异常
2022-09-19 11:36:23,341 - __main__ - INFO - 网络异常
2022-09-19 11:36:26,763 - __main__ - INFO - 网络异常
2022-09-19 11:36:30,098 - __main__ - INFO - 网络异常
2022-09-19 11:36:33,442 - __main__ - INFO - 网络异常
2022-09-19 11:36:36,794 - __main__ - INFO - 网络异常
2022-09-19 11:36:40,137 - __main__ - INFO - 网络异常
2022-09-19 11:36:43,479 - __main__ - INFO - 网络异常
2022-09-19 11:36:46,844 - __main__ - INFO - 网络异常
2022-09-19 11:36:50,207 - __main__ - INFO - 网络异常
2022-09-19 11:36:53,559 - __main__ - INFO - 网络异常
2022-09-19 11:36:56,956 - __main__ - INFO - 网络异常
2022-09-19 11:37:00,326 - __main__ - INFO - 网络异常
2022-09-19 11:37:03,727 - __main__ - INFO - 网络异常
2022-09-19 11:37:07,098 - __main__ - INFO - 网络异常
2022-09-19 11:37:10,467 - __main__ - INFO - 网络异常
2022-09-19 11:37:13,860 - __main__ - INFO - 网络异常
2022-09-19 11:37:17,363 - __main__ - INFO - 网络异常
2022-09-19 11:37:20,731 - __main__ - INFO - 网络异常
2022-09-19 11:37:24,087 - __main__ - INFO - 网络异常
2022-09-19 11:37:27,434 - __main__ - INFO - 网络异常
2022-09-19 11:37:30,789 - __main__ - INFO - 网络异常
2022-09-19 11:37:34,162 - __main__ - INFO - 网络异常
2022-09-19 11:37:37,506 - __main__ - INFO - 网络异常
2022-09-19 11:37:40,860 - __main__ - INFO - 网络异常
2022-09-19 11:37:44,265 - __main__ - INFO - 网络异常
2022-09-19 11:37:47,621 - __main__ - INFO - 网络异常
2022-09-19 11:37:50,984 - __main__ - INFO - 网络异常
2022-09-19 11:37:54,333 - __main__ - INFO - 网络异常
2022-09-19 11:37:57,711 - __main__ - INFO - 网络异常
2022-09-19 11:38:01,072 - __main__ - INFO - 网络异常
2022-09-19 11:38:04,435 - __main__ - INFO - 网络异常
2022-09-19 11:38:07,784 - __main__ - INFO - 网络异常
2022-09-19 11:38:11,134 - __main__ - INFO - 网络异常
2022-09-19 11:38:14,495 - __main__ - INFO - 网络异常
2022-09-19 11:38:17,849 - __main__ - INFO - 网络异常
2022-09-19 11:38:21,204 - __main__ - INFO - 网络异常
2022-09-19 11:38:24,569 - __main__ - INFO - 网络异常
2022-09-19 11:38:27,929 - __main__ - INFO - 网络异常
2022-09-19 11:38:31,296 - __main__ - INFO - 网络异常
2022-09-19 11:38:34,683 - __main__ - INFO - 网络异常
2022-09-19 11:38:38,037 - __main__ - INFO - 网络异常
2022-09-19 11:38:41,394 - __main__ - INFO - 网络异常
2022-09-19 11:38:44,744 - __main__ - INFO - 网络异常
2022-09-19 11:38:48,117 - __main__ - INFO - 网络异常
2022-09-19 11:38:51,462 - __main__ - INFO - 网络异常
2022-09-19 11:38:54,813 - __main__ - INFO - 网络异常
2022-09-19 11:38:58,155 - __main__ - INFO - 网络异常
2022-09-19 11:39:01,503 - __main__ - INFO - 网络异常
2022-09-19 11:39:04,861 - __main__ - INFO - 网络异常
2022-09-19 11:39:08,196 - __main__ - INFO - 网络异常
2022-09-19 11:39:11,544 - __main__ - INFO - 网络异常
2022-09-19 11:39:14,890 - __main__ - INFO - 网络异常
2022-09-19 11:39:18,252 - __main__ - INFO - 网络异常
2022-09-19 11:39:21,606 - __main__ - INFO - 网络异常
2022-09-19 11:39:24,954 - __main__ - INFO - 网络异常
2022-09-19 11:39:28,287 - __main__ - INFO - 网络异常
2022-09-19 11:39:31,638 - __main__ - INFO - 网络异常
2022-09-19 11:39:35,003 - __main__ - INFO - 网络异常
2022-09-19 11:39:38,374 - __main__ - INFO - 网络异常
2022-09-19 11:39:41,755 - __main__ - INFO - 网络异常
2022-09-19 11:39:45,115 - __main__ - INFO - 网络异常
2022-09-19 11:39:48,470 - __main__ - INFO - 网络异常
2022-09-19 11:39:51,852 - __main__ - INFO - 网络异常
2022-09-19 11:39:55,205 - __main__ - INFO - 网络异常
2022-09-19 11:39:58,559 - __main__ - INFO - 网络异常
2022-09-19 11:40:01,915 - __main__ - INFO - 网络异常
2022-09-19 11:40:05,256 - __main__ - INFO - 网络异常
2022-09-19 11:40:08,602 - __main__ - INFO - 网络异常
2022-09-19 11:40:11,982 - __main__ - INFO - 网络异常
2022-09-19 11:40:15,336 - __main__ - INFO - 网络异常
2022-09-19 11:40:18,698 - __main__ - INFO - 网络异常
2022-09-19 11:40:22,049 - __main__ - INFO - 网络异常
2022-09-19 11:40:25,444 - __main__ - INFO - 网络异常
2022-09-19 11:40:28,793 - __main__ - INFO - 网络异常
2022-09-19 11:40:32,213 - __main__ - INFO - 网络异常
2022-09-19 11:40:35,565 - __main__ - INFO - 网络异常
2022-09-19 11:40:38,941 - __main__ - INFO - 网络异常
2022-09-19 11:40:42,311 - __main__ - INFO - 网络异常
2022-09-19 11:40:45,658 - __main__ - INFO - 网络异常
2022-09-19 11:40:49,026 - __main__ - INFO - 网络异常
2022-09-19 11:40:52,401 - __main__ - INFO - 网络异常
2022-09-19 11:40:55,780 - __main__ - INFO - 网络异常
2022-09-19 11:40:59,148 - __main__ - INFO - 网络异常
2022-09-19 11:41:02,506 - __main__ - INFO - 网络异常
2022-09-19 11:41:05,879 - __main__ - INFO - 网络异常
2022-09-19 11:41:09,240 - __main__ - INFO - 网络异常
2022-09-19 11:41:12,608 - __main__ - INFO - 网络异常
2022-09-19 11:41:15,955 - __main__ - INFO - 网络异常
2022-09-19 11:41:19,349 - __main__ - INFO - 网络异常
2022-09-19 11:41:22,715 - __main__ - INFO - 网络异常
2022-09-19 11:41:26,087 - __main__ - INFO - 网络异常
2022-09-19 11:41:29,463 - __main__ - INFO - 网络异常
2022-09-19 11:41:32,804 - __main__ - INFO - 网络异常
2022-09-19 11:41:36,166 - __main__ - INFO - 网络异常
2022-09-19 11:41:39,531 - __main__ - INFO - 网络异常
2022-09-19 11:41:42,871 - __main__ - INFO - 网络异常
2022-09-19 11:41:46,289 - __main__ - INFO - 网络异常
2022-09-19 11:41:49,628 - __main__ - INFO - 网络异常
2022-09-19 11:41:53,012 - __main__ - INFO - 网络异常
2022-09-19 11:41:56,412 - __main__ - INFO - 网络异常
2022-09-19 11:41:59,857 - __main__ - INFO - 网络异常
2022-09-19 11:42:03,220 - __main__ - INFO - 网络异常
2022-09-19 11:42:06,566 - __main__ - INFO - 网络异常
2022-09-19 11:42:09,979 - __main__ - INFO - 网络异常
2022-09-19 11:42:13,334 - __main__ - INFO - 网络异常
2022-09-19 11:42:16,690 - __main__ - INFO - 网络异常
2022-09-19 11:42:20,054 - __main__ - INFO - 网络异常
2022-09-19 11:42:23,402 - __main__ - INFO - 网络异常
2022-09-19 11:42:26,802 - __main__ - INFO - 网络异常
2022-09-19 11:42:30,239 - __main__ - INFO - 网络异常
2022-09-19 11:42:33,599 - __main__ - INFO - 网络异常
2022-09-19 11:42:36,996 - __main__ - INFO - 网络异常
2022-09-19 11:42:40,356 - __main__ - INFO - 网络异常
2022-09-19 11:42:43,703 - __main__ - INFO - 网络异常
2022-09-19 11:42:47,046 - __main__ - INFO - 网络异常
2022-09-19 11:42:50,379 - __main__ - INFO - 网络异常
2022-09-19 11:42:53,744 - __main__ - INFO - 网络异常
2022-09-19 11:42:57,111 - __main__ - INFO - 网络异常
2022-09-19 11:43:00,494 - __main__ - INFO - 网络异常
2022-09-19 11:43:03,856 - __main__ - INFO - 网络异常
2022-09-19 11:43:07,358 - __main__ - INFO - 网络异常
2022-09-19 11:43:10,704 - __main__ - INFO - 网络异常
2022-09-19 11:43:14,048 - __main__ - INFO - 网络异常
2022-09-19 11:43:17,603 - __main__ - INFO - 网络异常
2022-09-19 11:43:20,956 - __main__ - INFO - 网络异常
2022-09-19 11:43:24,304 - __main__ - INFO - 网络异常
2022-09-19 11:43:27,708 - __main__ - INFO - 网络异常
2022-09-19 11:43:31,057 - __main__ - INFO - 网络异常
2022-09-19 11:43:34,449 - __main__ - INFO - 网络异常
2022-09-19 11:43:37,832 - __main__ - INFO - 网络异常
2022-09-19 11:43:41,208 - __main__ - INFO - 网络异常
2022-09-19 11:43:44,613 - __main__ - INFO - 网络异常
2022-09-19 11:43:47,974 - __main__ - INFO - 网络异常
2022-09-19 11:43:51,338 - __main__ - INFO - 网络异常
2022-09-19 11:43:54,718 - __main__ - INFO - 网络异常
2022-09-19 11:43:58,069 - __main__ - INFO - 网络异常
2022-09-19 11:44:01,475 - __main__ - INFO - 网络异常
2022-09-19 11:44:04,854 - __main__ - INFO - 网络异常
2022-09-19 11:44:08,230 - __main__ - INFO - 网络异常
2022-09-19 11:44:11,564 - __main__ - INFO - 网络异常
2022-09-19 11:44:15,089 - __main__ - INFO - 网络异常
2022-09-19 11:44:18,464 - __main__ - INFO - 网络异常
2022-09-19 11:44:21,837 - __main__ - INFO - 网络异常
2022-09-19 11:44:25,192 - __main__ - INFO - 网络异常
2022-09-19 11:44:28,572 - __main__ - INFO - 网络异常
2022-09-19 11:44:31,932 - __main__ - INFO - 网络异常
2022-09-19 11:44:35,294 - __main__ - INFO - 网络异常
2022-09-19 11:44:38,657 - __main__ - INFO - 网络异常
2022-09-19 11:44:42,002 - __main__ - INFO - 网络异常
2022-09-19 11:44:45,378 - __main__ - INFO - 网络异常
2022-09-19 11:44:48,749 - __main__ - INFO - 网络异常
2022-09-19 11:44:52,121 - __main__ - INFO - 网络异常
2022-09-19 11:44:55,477 - __main__ - INFO - 网络异常
2022-09-19 11:44:58,847 - __main__ - INFO - 网络异常
2022-09-19 11:45:02,191 - __main__ - INFO - 网络异常
2022-09-19 11:45:05,555 - __main__ - INFO - 网络异常
2022-09-19 11:45:08,923 - __main__ - INFO - 网络异常
2022-09-19 11:45:12,296 - __main__ - INFO - 网络异常
2022-09-19 11:45:15,655 - __main__ - INFO - 网络异常
2022-09-19 11:45:18,993 - __main__ - INFO - 网络异常
2022-09-19 11:45:22,360 - __main__ - INFO - 网络异常
2022-09-19 11:45:25,730 - __main__ - INFO - 网络异常
2022-09-19 11:45:29,069 - __main__ - INFO - 网络异常
2022-09-19 11:45:32,439 - __main__ - INFO - 网络异常
2022-09-19 11:45:35,470 - __main__ - INFO - 网络异常
2022-09-19 11:45:38,479 - __main__ - INFO - 网络异常
2022-09-19 11:45:41,489 - __main__ - INFO - 网络异常
2022-09-19 11:45:44,498 - __main__ - INFO - 网络异常
2022-09-19 11:45:47,507 - __main__ - INFO - 网络异常
2022-09-19 11:45:50,516 - __main__ - INFO - 网络异常
2022-09-19 11:45:53,525 - __main__ - INFO - 网络异常
2022-09-19 11:45:56,532 - __main__ - INFO - 网络异常
2022-09-19 11:45:59,543 - __main__ - INFO - 网络异常
2022-09-19 11:46:02,551 - __main__ - INFO - 网络异常
2022-09-19 11:46:05,559 - __main__ - INFO - 网络异常
2022-09-19 11:46:08,569 - __main__ - INFO - 网络异常
2022-09-19 11:46:11,578 - __main__ - INFO - 网络异常
2022-09-19 11:46:14,586 - __main__ - INFO - 网络异常
2022-09-19 11:46:17,595 - __main__ - INFO - 网络异常
2022-09-19 11:46:20,601 - __main__ - INFO - 网络异常
2022-09-19 11:46:23,608 - __main__ - INFO - 网络异常
2022-09-19 11:46:26,614 - __main__ - INFO - 网络异常
2022-09-19 11:46:29,623 - __main__ - INFO - 网络异常
2022-09-19 11:46:32,632 - __main__ - INFO - 网络异常
2022-09-19 11:46:36,016 - __main__ - INFO - 网络异常
2022-09-19 11:46:39,422 - __main__ - INFO - 网络异常
2022-09-19 11:46:42,810 - __main__ - INFO - 网络异常
2022-09-19 11:46:46,200 - __main__ - INFO - 网络异常
2022-09-19 11:46:49,564 - __main__ - INFO - 网络异常
2022-09-19 11:46:52,572 - __main__ - INFO - 网络异常
2022-09-19 11:46:55,583 - __main__ - INFO - 网络异常
2022-09-19 11:46:58,592 - __main__ - INFO - 网络异常
2022-09-19 11:47:01,602 - __main__ - INFO - 网络异常
2022-09-19 11:47:04,612 - __main__ - INFO - 网络异常
2022-09-19 11:47:07,621 - __main__ - INFO - 网络异常
2022-09-19 11:47:10,629 - __main__ - INFO - 网络异常
2022-09-19 11:47:13,638 - __main__ - INFO - 网络异常
2022-09-19 11:47:16,648 - __main__ - INFO - 网络异常
2022-09-19 11:47:19,656 - __main__ - INFO - 网络异常
2022-09-19 11:47:22,665 - __main__ - INFO - 网络异常
2022-09-19 11:47:25,673 - __main__ - INFO - 网络异常
2022-09-19 11:47:28,683 - __main__ - INFO - 网络异常
2022-09-19 11:47:31,691 - __main__ - INFO - 网络异常
2022-09-19 11:47:34,698 - __main__ - INFO - 网络异常
2022-09-19 11:47:37,707 - __main__ - INFO - 网络异常
2022-09-19 11:47:40,716 - __main__ - INFO - 网络异常
2022-09-19 11:47:43,726 - __main__ - INFO - 网络异常
2022-09-19 11:47:46,736 - __main__ - INFO - 网络异常
2022-09-19 11:47:49,746 - __main__ - INFO - 网络异常
2022-09-19 11:47:52,756 - __main__ - INFO - 网络异常
2022-09-19 11:47:55,764 - __main__ - INFO - 网络异常
2022-09-19 11:47:58,772 - __main__ - INFO - 网络异常
2022-09-19 11:48:01,782 - __main__ - INFO - 网络异常
2022-09-19 11:48:04,789 - __main__ - INFO - 网络异常
2022-09-19 11:48:07,800 - __main__ - INFO - 网络异常
2022-09-19 11:48:10,808 - __main__ - INFO - 网络异常
2022-09-19 11:48:13,816 - __main__ - INFO - 网络异常
2022-09-19 11:48:16,826 - __main__ - INFO - 网络异常
2022-09-19 11:48:19,835 - __main__ - INFO - 网络异常
2022-09-19 11:48:22,846 - __main__ - INFO - 网络异常
2022-09-19 11:48:25,855 - __main__ - INFO - 网络异常
2022-09-19 11:48:28,870 - __main__ - INFO - 网络异常
2022-09-19 11:48:31,878 - __main__ - INFO - 网络异常
2022-09-19 11:48:34,885 - __main__ - INFO - 网络异常
2022-09-19 11:48:37,891 - __main__ - INFO - 网络异常
2022-09-19 11:48:40,898 - __main__ - INFO - 网络异常
2022-09-19 11:48:43,905 - __main__ - INFO - 网络异常
2022-09-19 11:48:46,911 - __main__ - INFO - 网络异常
2022-09-19 11:48:49,919 - __main__ - INFO - 网络异常
2022-09-19 11:48:52,929 - __main__ - INFO - 网络异常
2022-09-19 11:48:55,938 - __main__ - INFO - 网络异常
2022-09-19 11:48:58,945 - __main__ - INFO - 网络异常
2022-09-19 11:49:01,954 - __main__ - INFO - 网络异常
2022-09-19 11:49:04,961 - __main__ - INFO - 网络异常
2022-09-19 11:49:07,968 - __main__ - INFO - 网络异常
2022-09-19 11:49:10,977 - __main__ - INFO - 网络异常
2022-09-19 11:49:13,985 - __main__ - INFO - 网络异常
2022-09-19 11:49:16,993 - __main__ - INFO - 网络异常
2022-09-19 11:49:20,002 - __main__ - INFO - 网络异常
2022-09-19 11:49:23,011 - __main__ - INFO - 网络异常
2022-09-19 11:49:26,020 - __main__ - INFO - 网络异常
2022-09-19 11:49:29,029 - __main__ - INFO - 网络异常
2022-09-19 11:49:32,041 - __main__ - INFO - 网络异常
2022-09-19 11:49:35,048 - __main__ - INFO - 网络异常
2022-09-19 11:49:38,056 - __main__ - INFO - 网络异常
2022-09-19 11:49:46,069 - __main__ - INFO - 网络异常
2022-09-19 11:49:54,079 - __main__ - INFO - 网络异常
2022-09-19 11:50:02,090 - __main__ - INFO - 网络异常
2022-09-19 11:50:10,101 - __main__ - INFO - 网络异常
2022-09-19 11:50:18,111 - __main__ - INFO - 网络异常
2022-09-19 11:50:26,120 - __main__ - INFO - 网络异常
2022-09-19 11:50:34,131 - __main__ - INFO - 网络异常
2022-09-19 11:50:38,833 - __main__ - INFO - 网络异常
2022-09-19 11:50:41,842 - __main__ - INFO - 网络异常
2022-09-19 11:50:44,852 - __main__ - INFO - 网络异常
2022-09-19 11:50:47,863 - __main__ - INFO - 网络异常
2022-09-19 11:50:50,873 - __main__ - INFO - 网络异常
2022-09-19 11:50:53,881 - __main__ - INFO - 网络异常
2022-09-19 11:50:56,889 - __main__ - INFO - 网络异常
2022-09-19 11:50:59,900 - __main__ - INFO - 网络异常
2022-09-19 11:51:02,910 - __main__ - INFO - 网络异常
2022-09-19 11:51:05,918 - __main__ - INFO - 网络异常
2022-09-19 11:51:08,927 - __main__ - INFO - 网络异常
2022-09-19 11:51:11,937 - __main__ - INFO - 网络异常
2022-09-19 11:51:14,944 - __main__ - INFO - 网络异常
2022-09-19 11:51:17,952 - __main__ - INFO - 网络异常
2022-09-19 11:51:20,962 - __main__ - INFO - 网络异常
2022-09-19 11:51:23,971 - __main__ - INFO - 网络异常
2022-09-19 11:51:26,979 - __main__ - INFO - 网络异常
2022-09-19 11:51:29,990 - __main__ - INFO - 网络异常
2022-09-19 11:51:32,999 - __main__ - INFO - 网络异常
2022-09-19 11:51:36,009 - __main__ - INFO - 网络异常
2022-09-19 11:51:39,018 - __main__ - INFO - 网络异常
2022-09-19 11:51:42,027 - __main__ - INFO - 网络异常
2022-09-19 11:51:45,036 - __main__ - INFO - 网络异常
2022-09-19 11:51:48,044 - __main__ - INFO - 网络异常
2022-09-19 11:51:51,052 - __main__ - INFO - 网络异常
2022-09-19 11:51:54,064 - __main__ - INFO - 网络异常
2022-09-19 11:51:57,072 - __main__ - INFO - 网络异常
2022-09-19 11:52:00,081 - __main__ - INFO - 网络异常
2022-09-19 11:52:03,089 - __main__ - INFO - 网络异常
2022-09-19 11:52:06,100 - __main__ - INFO - 网络异常
2022-09-19 11:52:09,109 - __main__ - INFO - 网络异常
2022-09-19 11:52:12,120 - __main__ - INFO - 网络异常
2022-09-19 11:52:15,131 - __main__ - INFO - 网络异常
2022-09-19 11:52:18,138 - __main__ - INFO - 网络异常
2022-09-19 11:52:21,146 - __main__ - INFO - 网络异常
2022-09-19 11:52:24,156 - __main__ - INFO - 网络异常
2022-09-19 11:52:27,165 - __main__ - INFO - 网络异常
2022-09-19 11:52:30,173 - __main__ - INFO - 网络异常
2022-09-19 11:52:33,181 - __main__ - INFO - 网络异常
2022-09-19 11:52:36,190 - __main__ - INFO - 网络异常
2022-09-19 11:52:39,198 - __main__ - INFO - 网络异常
2022-09-19 11:52:47,207 - __main__ - INFO - 网络异常
2022-09-19 11:52:55,217 - __main__ - INFO - 网络异常
2022-09-19 11:52:58,307 - __main__ - INFO - 网络异常
2022-09-19 11:53:01,316 - __main__ - INFO - 网络异常
2022-09-19 11:53:04,326 - __main__ - INFO - 网络异常
2022-09-19 11:53:07,334 - __main__ - INFO - 网络异常
2022-09-19 11:53:10,343 - __main__ - INFO - 网络异常
2022-09-19 11:53:13,351 - __main__ - INFO - 网络异常
2022-09-19 11:53:16,361 - __main__ - INFO - 网络异常
2022-09-19 11:53:19,369 - __main__ - INFO - 网络异常
2022-09-19 11:53:22,380 - __main__ - INFO - 网络异常
2022-09-19 11:53:25,389 - __main__ - INFO - 网络异常
2022-09-19 11:53:28,398 - __main__ - INFO - 网络异常
2022-09-19 11:53:31,406 - __main__ - INFO - 网络异常
2022-09-19 11:53:34,415 - __main__ - INFO - 网络异常
2022-09-19 11:53:37,424 - __main__ - INFO - 网络异常
2022-09-19 11:53:40,432 - __main__ - INFO - 网络异常
2022-09-19 11:53:43,441 - __main__ - INFO - 网络异常
2022-09-19 11:53:46,449 - __main__ - INFO - 网络异常
2022-09-19 11:53:49,459 - __main__ - INFO - 网络异常
2022-09-19 11:53:52,468 - __main__ - INFO - 网络异常
2022-09-19 11:53:55,476 - __main__ - INFO - 网络异常
2022-09-19 11:53:58,486 - __main__ - INFO - 网络异常
2022-09-19 11:54:01,495 - __main__ - INFO - 网络异常
2022-09-19 11:54:04,503 - __main__ - INFO - 网络异常
2022-09-19 11:54:07,513 - __main__ - INFO - 网络异常
2022-09-19 11:54:10,521 - __main__ - INFO - 网络异常
2022-09-19 11:54:13,529 - __main__ - INFO - 网络异常
2022-09-19 11:54:16,535 - __main__ - INFO - 网络异常
2022-09-19 11:54:19,547 - __main__ - INFO - 网络异常
2022-09-19 11:54:22,562 - __main__ - INFO - 网络异常
2022-09-19 11:54:25,571 - __main__ - INFO - 网络异常
2022-09-19 11:54:28,580 - __main__ - INFO - 网络异常
2022-09-19 11:54:31,589 - __main__ - INFO - 网络异常
2022-09-19 11:54:34,598 - __main__ - INFO - 网络异常
2022-09-19 11:54:37,606 - __main__ - INFO - 网络异常
2022-09-19 11:54:40,617 - __main__ - INFO - 网络异常
2022-09-19 11:54:43,624 - __main__ - INFO - 网络异常
2022-09-19 11:54:46,633 - __main__ - INFO - 网络异常
2022-09-19 11:54:49,643 - __main__ - INFO - 网络异常
2022-09-19 11:54:52,651 - __main__ - INFO - 网络异常
2022-09-19 11:54:55,658 - __main__ - INFO - 网络异常
2022-09-19 11:54:58,665 - __main__ - INFO - 网络异常
2022-09-19 11:55:01,672 - __main__ - INFO - 网络异常
2022-09-19 11:55:04,681 - __main__ - INFO - 网络异常
2022-09-19 11:55:07,688 - __main__ - INFO - 网络异常
2022-09-19 11:55:10,695 - __main__ - INFO - 网络异常
2022-09-19 11:55:13,701 - __main__ - INFO - 网络异常
2022-09-19 11:55:16,708 - __main__ - INFO - 网络异常
2022-09-19 11:55:19,714 - __main__ - INFO - 网络异常
2022-09-19 11:55:22,722 - __main__ - INFO - 网络异常
2022-09-19 11:55:25,731 - __main__ - INFO - 网络异常
2022-09-19 11:55:28,738 - __main__ - INFO - 网络异常
2022-09-19 11:55:31,744 - __main__ - INFO - 网络异常
2022-09-19 11:55:34,753 - __main__ - INFO - 网络异常
2022-09-19 11:55:37,761 - __main__ - INFO - 网络异常
2022-09-19 11:55:40,768 - __main__ - INFO - 网络异常
2022-09-19 11:55:43,776 - __main__ - INFO - 网络异常
2022-09-19 11:55:46,786 - __main__ - INFO - 网络异常
2022-09-19 11:55:49,796 - __main__ - INFO - 网络异常
2022-09-19 11:55:52,805 - __main__ - INFO - 网络异常
2022-09-19 11:55:55,814 - __main__ - INFO - 网络异常
2022-09-19 11:55:58,822 - __main__ - INFO - 网络异常
2022-09-19 11:56:01,833 - __main__ - INFO - 网络异常
2022-09-19 11:56:04,843 - __main__ - INFO - 网络异常
2022-09-19 11:56:07,853 - __main__ - INFO - 网络异常
2022-09-19 11:56:10,863 - __main__ - INFO - 网络异常
2022-09-19 11:56:13,873 - __main__ - INFO - 网络异常
2022-09-19 11:56:16,882 - __main__ - INFO - 网络异常
2022-09-19 11:56:19,893 - __main__ - INFO - 网络异常
2022-09-19 11:56:22,902 - __main__ - INFO - 网络异常
2022-09-19 11:56:25,913 - __main__ - INFO - 网络异常
2022-09-19 11:56:28,921 - __main__ - INFO - 网络异常
2022-09-19 11:56:31,930 - __main__ - INFO - 网络异常
2022-09-19 11:56:34,938 - __main__ - INFO - 网络异常
2022-09-19 11:56:37,947 - __main__ - INFO - 网络异常
2022-09-19 11:56:40,956 - __main__ - INFO - 网络异常
2022-09-19 11:56:43,966 - __main__ - INFO - 网络异常
2022-09-19 11:56:46,976 - __main__ - INFO - 网络异常
2022-09-19 11:56:49,986 - __main__ - INFO - 网络异常
2022-09-19 11:56:52,996 - __main__ - INFO - 网络异常
2022-09-19 11:56:56,004 - __main__ - INFO - 网络异常
2022-09-19 11:56:59,012 - __main__ - INFO - 网络异常
2022-09-19 11:57:02,023 - __main__ - INFO - 网络异常
2022-09-19 11:57:05,032 - __main__ - INFO - 网络异常
2022-09-19 11:57:08,041 - __main__ - INFO - 网络异常
2022-09-19 11:57:11,050 - __main__ - INFO - 网络异常
2022-09-19 11:57:14,058 - __main__ - INFO - 网络异常
2022-09-19 11:57:17,066 - __main__ - INFO - 网络异常
2022-09-19 11:57:20,076 - __main__ - INFO - 网络异常
2022-09-19 11:57:23,084 - __main__ - INFO - 网络异常
2022-09-19 11:57:26,091 - __main__ - INFO - 网络异常
2022-09-19 11:57:29,101 - __main__ - INFO - 网络异常
2022-09-19 11:57:32,108 - __main__ - INFO - 网络异常
2022-09-19 11:57:35,119 - __main__ - INFO - 网络异常
2022-09-19 11:57:38,128 - __main__ - INFO - 网络异常
2022-09-19 11:57:41,135 - __main__ - INFO - 网络异常
2022-09-19 11:57:44,143 - __main__ - INFO - 网络异常
2022-09-19 11:57:47,152 - __main__ - INFO - 网络异常
2022-09-19 11:57:50,164 - __main__ - INFO - 网络异常
2022-09-19 11:57:53,173 - __main__ - INFO - 网络异常
2022-09-19 11:57:56,182 - __main__ - INFO - 网络异常
2022-09-19 11:57:59,192 - __main__ - INFO - 网络异常
2022-09-19 11:58:02,203 - __main__ - INFO - 网络异常
2022-09-19 11:58:05,213 - __main__ - INFO - 网络异常
2022-09-19 11:58:08,221 - __main__ - INFO - 网络异常
2022-09-19 11:58:11,230 - __main__ - INFO - 网络异常
2022-09-19 11:58:14,238 - __main__ - INFO - 网络异常
2022-09-19 11:58:17,244 - __main__ - INFO - 网络异常
2022-09-19 11:58:20,251 - __main__ - INFO - 网络异常
2022-09-19 11:58:23,258 - __main__ - INFO - 网络异常
2022-09-19 11:58:26,264 - __main__ - INFO - 网络异常
2022-09-19 11:58:29,271 - __main__ - INFO - 网络异常
2022-09-19 11:58:32,279 - __main__ - INFO - 网络异常
2022-09-19 11:58:35,288 - __main__ - INFO - 网络异常
2022-09-19 11:58:38,294 - __main__ - INFO - 网络异常
2022-09-19 11:58:41,301 - __main__ - INFO - 网络异常
2022-09-19 11:58:44,308 - __main__ - INFO - 网络异常
2022-09-19 11:58:47,315 - __main__ - INFO - 网络异常
2022-09-19 11:58:50,322 - __main__ - INFO - 网络异常
2022-09-19 11:58:53,333 - __main__ - INFO - 网络异常
2022-09-19 11:58:56,342 - __main__ - INFO - 网络异常
2022-09-19 11:58:59,351 - __main__ - INFO - 网络异常
2022-09-19 11:59:02,358 - __main__ - INFO - 网络异常
2022-09-19 11:59:05,365 - __main__ - INFO - 网络异常
2022-09-19 11:59:08,371 - __main__ - INFO - 网络异常
2022-09-19 11:59:11,378 - __main__ - INFO - 网络异常
2022-09-19 11:59:14,385 - __main__ - INFO - 网络异常
2022-09-19 11:59:17,394 - __main__ - INFO - 网络异常
2022-09-19 11:59:20,401 - __main__ - INFO - 网络异常
2022-09-19 11:59:23,408 - __main__ - INFO - 网络异常
2022-09-19 11:59:26,414 - __main__ - INFO - 网络异常
2022-09-19 11:59:29,421 - __main__ - INFO - 网络异常
2022-09-19 11:59:32,428 - __main__ - INFO - 网络异常
2022-09-19 11:59:35,438 - __main__ - INFO - 网络异常
2022-09-19 11:59:38,444 - __main__ - INFO - 网络异常
2022-09-19 11:59:41,452 - __main__ - INFO - 网络异常
2022-09-19 11:59:44,463 - __main__ - INFO - 网络异常
2022-09-19 11:59:47,471 - __main__ - INFO - 网络异常
2022-09-19 11:59:50,479 - __main__ - INFO - 网络异常
2022-09-19 11:59:53,489 - __main__ - INFO - 网络异常
2022-09-19 11:59:56,499 - __main__ - INFO - 网络异常
2022-09-19 11:59:59,509 - __main__ - INFO - 网络异常
2022-09-19 12:00:02,518 - __main__ - INFO - 网络异常
2022-09-19 12:00:05,525 - __main__ - INFO - 网络异常
2022-09-19 12:00:08,534 - __main__ - INFO - 网络异常
2022-09-19 12:00:11,541 - __main__ - INFO - 网络异常
2022-09-19 12:00:14,548 - __main__ - INFO - 网络异常
2022-09-19 12:00:17,557 - __main__ - INFO - 网络异常
2022-09-19 12:00:20,566 - __main__ - INFO - 网络异常
2022-09-19 12:00:23,574 - __main__ - INFO - 网络异常
2022-09-19 12:00:26,583 - __main__ - INFO - 网络异常
2022-09-19 12:00:29,593 - __main__ - INFO - 网络异常
2022-09-19 12:00:32,604 - __main__ - INFO - 网络异常
2022-09-19 12:00:35,614 - __main__ - INFO - 网络异常
2022-09-19 12:00:38,626 - __main__ - INFO - 网络异常
2022-09-19 12:00:41,636 - __main__ - INFO - 网络异常
2022-09-19 12:00:44,644 - __main__ - INFO - 网络异常
2022-09-19 12:00:47,651 - __main__ - INFO - 网络异常
2022-09-19 12:00:50,658 - __main__ - INFO - 网络异常
2022-09-19 12:00:53,664 - __main__ - INFO - 网络异常
2022-09-19 12:00:56,671 - __main__ - INFO - 网络异常
2022-09-19 12:00:59,679 - __main__ - INFO - 网络异常
2022-09-19 12:01:02,689 - __main__ - INFO - 网络异常
2022-09-19 12:01:05,698 - __main__ - INFO - 网络异常
2022-09-19 12:01:08,704 - __main__ - INFO - 网络异常
2022-09-19 12:01:11,711 - __main__ - INFO - 网络异常
2022-09-19 12:01:14,718 - __main__ - INFO - 网络异常
2022-09-19 12:01:17,724 - __main__ - INFO - 网络异常
2022-09-19 12:01:20,732 - __main__ - INFO - 网络异常
2022-09-19 12:01:23,741 - __main__ - INFO - 网络异常
2022-09-19 12:01:26,749 - __main__ - INFO - 网络异常
2022-09-19 12:01:29,758 - __main__ - INFO - 网络异常
2022-09-19 12:01:32,764 - __main__ - INFO - 网络异常
2022-09-19 12:01:35,771 - __main__ - INFO - 网络异常
2022-09-19 12:01:38,778 - __main__ - INFO - 网络异常
2022-09-19 12:01:41,787 - __main__ - INFO - 网络异常
2022-09-19 12:01:44,795 - __main__ - INFO - 网络异常
2022-09-19 12:01:47,804 - __main__ - INFO - 网络异常
2022-09-19 12:01:50,812 - __main__ - INFO - 网络异常
2022-09-19 12:01:53,822 - __main__ - INFO - 网络异常
2022-09-19 12:01:56,832 - __main__ - INFO - 网络异常
2022-09-19 12:01:59,844 - __main__ - INFO - 网络异常
2022-09-19 12:02:02,853 - __main__ - INFO - 网络异常
2022-09-19 12:02:05,862 - __main__ - INFO - 网络异常
2022-09-19 12:02:08,871 - __main__ - INFO - 网络异常
2022-09-19 12:02:11,879 - __main__ - INFO - 网络异常
2022-09-19 12:02:14,889 - __main__ - INFO - 网络异常
2022-09-19 12:02:22,900 - __main__ - INFO - 网络异常
2022-09-19 12:02:30,911 - __main__ - INFO - 网络异常
2022-09-19 12:02:38,920 - __main__ - INFO - 网络异常
2022-09-19 12:02:46,931 - __main__ - INFO - 网络异常
2022-09-19 12:02:53,460 - __main__ - INFO - 网络异常
2022-09-19 12:02:56,468 - __main__ - INFO - 网络异常
2022-09-19 12:02:59,476 - __main__ - INFO - 网络异常
2022-09-19 12:03:02,490 - __main__ - INFO - 网络异常
2022-09-19 12:03:05,498 - __main__ - INFO - 网络异常
2022-09-19 12:03:08,506 - __main__ - INFO - 网络异常
2022-09-19 12:03:11,515 - __main__ - INFO - 网络异常
2022-09-19 12:03:14,523 - __main__ - INFO - 网络异常
2022-09-19 12:03:17,532 - __main__ - INFO - 网络异常
2022-09-19 12:03:20,542 - __main__ - INFO - 网络异常
2022-09-19 12:03:23,554 - __main__ - INFO - 网络异常
2022-09-19 12:03:26,562 - __main__ - INFO - 网络异常
2022-09-19 12:03:29,572 - __main__ - INFO - 网络异常
2022-09-19 12:03:32,578 - __main__ - INFO - 网络异常
2022-09-19 12:03:35,586 - __main__ - INFO - 网络异常
2022-09-19 12:03:38,595 - __main__ - INFO - 网络异常
2022-09-19 12:03:41,601 - __main__ - INFO - 网络异常
2022-09-19 12:03:44,609 - __main__ - INFO - 网络异常
2022-09-19 12:03:47,618 - __main__ - INFO - 网络异常
2022-09-19 12:03:50,624 - __main__ - INFO - 网络异常
2022-09-19 12:03:53,631 - __main__ - INFO - 网络异常
2022-09-19 12:03:56,638 - __main__ - INFO - 网络异常
2022-09-19 12:03:59,644 - __main__ - INFO - 网络异常
2022-09-19 12:04:02,651 - __main__ - INFO - 网络异常
2022-09-19 12:04:05,659 - __main__ - INFO - 网络异常
2022-09-19 12:04:13,670 - __main__ - INFO - 网络异常
2022-09-19 12:04:16,678 - __main__ - INFO - 网络异常
2022-09-19 12:04:19,685 - __main__ - INFO - 网络异常
2022-09-19 12:04:22,691 - __main__ - INFO - 网络异常
2022-09-19 12:04:25,700 - __main__ - INFO - 网络异常
2022-09-19 12:04:28,709 - __main__ - INFO - 网络异常
2022-09-19 12:04:31,719 - __main__ - INFO - 网络异常
2022-09-19 12:04:34,729 - __main__ - INFO - 网络异常
2022-09-19 12:04:37,739 - __main__ - INFO - 网络异常
2022-09-19 12:04:40,749 - __main__ - INFO - 网络异常
2022-09-19 12:04:43,758 - __main__ - INFO - 网络异常
2022-09-19 12:04:46,769 - __main__ - INFO - 网络异常
2022-09-19 12:04:49,779 - __main__ - INFO - 网络异常
2022-09-19 12:04:52,789 - __main__ - INFO - 网络异常
2022-09-19 12:04:55,801 - __main__ - INFO - 网络异常
2022-09-19 12:04:58,809 - __main__ - INFO - 网络异常
2022-09-19 12:05:01,818 - __main__ - INFO - 网络异常
2022-09-19 12:05:04,826 - __main__ - INFO - 网络异常
2022-09-19 12:05:07,836 - __main__ - INFO - 网络异常
2022-09-19 12:05:10,846 - __main__ - INFO - 网络异常
2022-09-19 12:05:13,857 - __main__ - INFO - 网络异常
2022-09-19 12:05:16,867 - __main__ - INFO - 网络异常
2022-09-19 12:05:19,878 - __main__ - INFO - 网络异常
2022-09-19 12:05:22,886 - __main__ - INFO - 网络异常
2022-09-19 12:05:25,896 - __main__ - INFO - 网络异常
2022-09-19 12:05:28,906 - __main__ - INFO - 网络异常
2022-09-19 12:05:31,916 - __main__ - INFO - 网络异常
2022-09-19 12:05:39,928 - __main__ - INFO - 网络异常
2022-09-19 12:05:45,922 - __main__ - INFO - 网络异常
2022-09-19 12:05:48,932 - __main__ - INFO - 网络异常
2022-09-19 12:05:51,945 - __main__ - INFO - 网络异常
2022-09-19 12:05:54,955 - __main__ - INFO - 网络异常
2022-09-19 12:05:57,964 - __main__ - INFO - 网络异常
2022-09-19 12:06:00,971 - __main__ - INFO - 网络异常
2022-09-19 12:06:03,979 - __main__ - INFO - 网络异常
2022-09-19 12:06:06,989 - __main__ - INFO - 网络异常
2022-09-19 12:06:10,001 - __main__ - INFO - 网络异常
2022-09-19 12:06:13,010 - __main__ - INFO - 网络异常
2022-09-19 12:06:16,019 - __main__ - INFO - 网络异常
2022-09-19 12:06:19,028 - __main__ - INFO - 网络异常
2022-09-19 12:06:22,037 - __main__ - INFO - 网络异常
2022-09-19 12:06:25,046 - __main__ - INFO - 网络异常
2022-09-19 12:06:28,058 - __main__ - INFO - 网络异常
2022-09-19 12:06:31,067 - __main__ - INFO - 网络异常
2022-09-19 12:06:34,075 - __main__ - INFO - 网络异常
2022-09-19 12:06:37,087 - __main__ - INFO - 网络异常
2022-09-19 12:06:40,095 - __main__ - INFO - 网络异常
2022-09-19 12:06:43,103 - __main__ - INFO - 网络异常
2022-09-19 12:06:46,112 - __main__ - INFO - 网络异常
2022-09-19 12:06:49,121 - __main__ - INFO - 网络异常
2022-09-19 12:06:52,130 - __main__ - INFO - 网络异常
2022-09-19 12:06:55,139 - __main__ - INFO - 网络异常
2022-09-19 12:06:58,150 - __main__ - INFO - 网络异常
2022-09-19 12:07:01,161 - __main__ - INFO - 网络异常
2022-09-19 12:07:04,169 - __main__ - INFO - 网络异常
2022-09-19 12:07:07,178 - __main__ - INFO - 网络异常
2022-09-19 12:07:10,184 - __main__ - INFO - 网络异常
2022-09-19 12:07:13,191 - __main__ - INFO - 网络异常
2022-09-19 12:07:16,199 - __main__ - INFO - 网络异常
2022-09-19 12:07:19,208 - __main__ - INFO - 网络异常
2022-09-19 12:07:22,215 - __main__ - INFO - 网络异常
2022-09-19 12:07:25,225 - __main__ - INFO - 网络异常
2022-09-19 12:07:28,231 - __main__ - INFO - 网络异常
2022-09-19 12:07:31,238 - __main__ - INFO - 网络异常
2022-09-19 12:07:34,245 - __main__ - INFO - 网络异常
2022-09-19 12:07:37,254 - __main__ - INFO - 网络异常
2022-09-19 12:07:40,262 - __main__ - INFO - 网络异常
2022-09-19 12:07:43,268 - __main__ - INFO - 网络异常
2022-09-19 12:07:46,274 - __main__ - INFO - 网络异常
2022-09-19 12:07:49,281 - __main__ - INFO - 网络异常
2022-09-19 12:07:52,288 - __main__ - INFO - 网络异常
2022-09-19 12:07:55,294 - __main__ - INFO - 网络异常
2022-09-19 12:07:58,302 - __main__ - INFO - 网络异常
2022-09-19 12:08:01,311 - __main__ - INFO - 网络异常
2022-09-19 12:08:04,318 - __main__ - INFO - 网络异常
2022-09-19 12:08:07,324 - __main__ - INFO - 网络异常
2022-09-19 12:08:10,331 - __main__ - INFO - 网络异常
2022-09-19 12:08:13,339 - __main__ - INFO - 网络异常
2022-09-19 12:08:16,348 - __main__ - INFO - 网络异常
2022-09-19 12:08:19,358 - __main__ - INFO - 网络异常
2022-09-19 12:08:22,366 - __main__ - INFO - 网络异常
2022-09-19 12:08:25,377 - __main__ - INFO - 网络异常
2022-09-19 12:08:28,386 - __main__ - INFO - 网络异常
2022-09-19 12:08:31,396 - __main__ - INFO - 网络异常
2022-09-19 12:08:34,405 - __main__ - INFO - 网络异常
2022-09-19 12:08:37,411 - __main__ - INFO - 网络异常
2022-09-19 12:08:40,420 - __main__ - INFO - 网络异常
2022-09-19 12:08:43,428 - __main__ - INFO - 网络异常
2022-09-19 12:08:46,434 - __main__ - INFO - 网络异常
2022-09-19 12:08:49,441 - __main__ - INFO - 网络异常
2022-09-19 12:08:52,449 - __main__ - INFO - 网络异常
2022-09-19 12:08:55,458 - __main__ - INFO - 网络异常
2022-09-19 12:08:58,464 - __main__ - INFO - 网络异常
2022-09-19 12:09:01,472 - __main__ - INFO - 网络异常
2022-09-19 12:09:04,481 - __main__ - INFO - 网络异常
2022-09-19 12:09:07,488 - __main__ - INFO - 网络异常
2022-09-19 12:09:10,494 - __main__ - INFO - 网络异常
2022-09-19 12:09:13,501 - __main__ - INFO - 网络异常
2022-09-19 12:09:16,508 - __main__ - INFO - 网络异常
2022-09-19 12:09:19,514 - __main__ - INFO - 网络异常
2022-09-19 12:09:22,522 - __main__ - INFO - 网络异常
2022-09-19 12:09:25,531 - __main__ - INFO - 网络异常
2022-09-19 12:09:28,539 - __main__ - INFO - 网络异常
2022-09-19 12:09:31,548 - __main__ - INFO - 网络异常
2022-09-19 12:09:34,554 - __main__ - INFO - 网络异常
2022-09-19 12:09:37,561 - __main__ - INFO - 网络异常
2022-09-19 12:09:40,568 - __main__ - INFO - 网络异常
2022-09-19 12:09:43,575 - __main__ - INFO - 网络异常
2022-09-19 12:09:46,585 - __main__ - INFO - 网络异常
2022-09-19 12:09:49,595 - __main__ - INFO - 网络异常
2022-09-19 12:09:52,606 - __main__ - INFO - 网络异常
2022-09-19 12:09:55,616 - __main__ - INFO - 网络异常
2022-09-19 12:09:58,627 - __main__ - INFO - 网络异常
2022-09-19 12:10:01,636 - __main__ - INFO - 网络异常
2022-09-19 12:10:04,647 - __main__ - INFO - 网络异常
2022-09-19 12:10:07,655 - __main__ - INFO - 网络异常
2022-09-19 12:10:10,663 - __main__ - INFO - 网络异常
2022-09-19 12:10:13,672 - __main__ - INFO - 网络异常
2022-09-19 12:10:16,682 - __main__ - INFO - 网络异常
2022-09-19 12:10:19,689 - __main__ - INFO - 网络异常
2022-09-19 12:10:22,700 - __main__ - INFO - 网络异常
2022-09-19 12:10:25,711 - __main__ - INFO - 网络异常
2022-09-19 12:10:28,719 - __main__ - INFO - 网络异常
2022-09-19 12:10:31,729 - __main__ - INFO - 网络异常
2022-09-19 12:10:34,739 - __main__ - INFO - 网络异常
2022-09-19 12:10:37,749 - __main__ - INFO - 网络异常
2022-09-19 12:10:40,758 - __main__ - INFO - 网络异常
2022-09-19 12:10:43,766 - __main__ - INFO - 网络异常
2022-09-19 12:10:46,777 - __main__ - INFO - 网络异常
2022-09-19 12:10:49,786 - __main__ - INFO - 网络异常
2022-09-19 12:10:52,795 - __main__ - INFO - 网络异常
2022-09-19 12:10:55,801 - __main__ - INFO - 网络异常
2022-09-19 12:10:58,809 - __main__ - INFO - 网络异常
2022-09-19 12:11:01,818 - __main__ - INFO - 网络异常
2022-09-19 12:11:04,825 - __main__ - INFO - 网络异常
2022-09-19 12:11:07,834 - __main__ - INFO - 网络异常
2022-09-19 12:11:10,843 - __main__ - INFO - 网络异常
2022-09-19 12:11:13,852 - __main__ - INFO - 网络异常
2022-09-19 12:11:16,863 - __main__ - INFO - 网络异常
2022-09-19 12:11:19,871 - __main__ - INFO - 网络异常
2022-09-19 12:11:22,880 - __main__ - INFO - 网络异常
2022-09-19 12:11:25,889 - __main__ - INFO - 网络异常
2022-09-19 12:11:28,899 - __main__ - INFO - 网络异常
2022-09-19 12:11:31,910 - __main__ - INFO - 网络异常
2022-09-19 12:11:34,919 - __main__ - INFO - 网络异常
2022-09-19 12:11:37,929 - __main__ - INFO - 网络异常
2022-09-19 12:11:40,940 - __main__ - INFO - 网络异常
2022-09-19 12:11:43,959 - __main__ - INFO - 网络异常
2022-09-19 12:11:46,970 - __main__ - INFO - 网络异常
2022-09-19 12:11:49,982 - __main__ - INFO - 网络异常
2022-09-19 12:11:52,990 - __main__ - INFO - 网络异常
2022-09-19 12:11:55,999 - __main__ - INFO - 网络异常
2022-09-19 12:11:59,008 - __main__ - INFO - 网络异常
2022-09-19 12:12:02,016 - __main__ - INFO - 网络异常
2022-09-19 12:12:05,026 - __main__ - INFO - 网络异常
2022-09-19 12:12:08,034 - __main__ - INFO - 网络异常
2022-09-19 12:12:11,044 - __main__ - INFO - 网络异常
2022-09-19 12:12:14,052 - __main__ - INFO - 网络异常
2022-09-19 12:12:17,062 - __main__ - INFO - 网络异常
2022-09-19 12:12:20,071 - __main__ - INFO - 网络异常
2022-09-19 12:12:23,078 - __main__ - INFO - 网络异常
2022-09-19 12:12:26,087 - __main__ - INFO - 网络异常
2022-09-19 12:12:29,094 - __main__ - INFO - 网络异常
2022-09-19 12:12:32,104 - __main__ - INFO - 网络异常
2022-09-19 12:12:35,112 - __main__ - INFO - 网络异常
2022-09-19 12:12:38,121 - __main__ - INFO - 网络异常
2022-09-19 12:12:41,128 - __main__ - INFO - 网络异常
2022-09-19 12:12:44,135 - __main__ - INFO - 网络异常
2022-09-19 12:12:47,141 - __main__ - INFO - 网络异常
2022-09-19 12:12:50,148 - __main__ - INFO - 网络异常
2022-09-19 12:12:53,155 - __main__ - INFO - 网络异常
2022-09-19 12:12:56,164 - __main__ - INFO - 网络异常
2022-09-19 12:12:59,171 - __main__ - INFO - 网络异常
2022-09-19 12:13:02,178 - __main__ - INFO - 网络异常
2022-09-19 12:13:05,184 - __main__ - INFO - 网络异常
2022-09-19 12:13:08,191 - __main__ - INFO - 网络异常
2022-09-19 12:13:11,198 - __main__ - INFO - 网络异常
2022-09-19 12:13:14,205 - __main__ - INFO - 网络异常
2022-09-19 12:13:17,216 - __main__ - INFO - 网络异常
2022-09-19 12:13:20,224 - __main__ - INFO - 网络异常
2022-09-19 12:13:23,232 - __main__ - INFO - 网络异常
2022-09-19 12:13:26,241 - __main__ - INFO - 网络异常
2022-09-19 12:13:29,249 - __main__ - INFO - 网络异常
2022-09-19 12:13:32,258 - __main__ - INFO - 网络异常
2022-09-19 12:13:35,266 - __main__ - INFO - 网络异常
2022-09-19 12:13:38,276 - __main__ - INFO - 网络异常
2022-09-19 12:13:41,284 - __main__ - INFO - 网络异常
2022-09-19 12:13:44,292 - __main__ - INFO - 网络异常
2022-09-19 12:13:47,301 - __main__ - INFO - 网络异常
2022-09-19 12:13:50,309 - __main__ - INFO - 网络异常
2022-09-19 12:13:53,319 - __main__ - INFO - 网络异常
2022-09-19 12:13:56,329 - __main__ - INFO - 网络异常
2022-09-19 12:13:59,339 - __main__ - INFO - 网络异常
2022-09-19 12:14:02,350 - __main__ - INFO - 网络异常
2022-09-19 12:14:05,360 - __main__ - INFO - 网络异常
2022-09-19 12:14:08,369 - __main__ - INFO - 网络异常
2022-09-19 12:14:11,379 - __main__ - INFO - 网络异常
2022-09-19 12:14:14,389 - __main__ - INFO - 网络异常
2022-09-19 12:14:17,399 - __main__ - INFO - 网络异常
2022-09-19 12:14:20,408 - __main__ - INFO - 网络异常
2022-09-19 12:14:23,416 - __main__ - INFO - 网络异常
2022-09-19 12:14:26,424 - __main__ - INFO - 网络异常
2022-09-19 12:14:29,432 - __main__ - INFO - 网络异常
2022-09-19 12:14:32,441 - __main__ - INFO - 网络异常
2022-09-19 12:14:35,449 - __main__ - INFO - 网络异常
2022-09-19 12:14:38,459 - __main__ - INFO - 网络异常
2022-09-19 12:14:41,470 - __main__ - INFO - 网络异常
2022-09-19 12:14:44,479 - __main__ - INFO - 网络异常
2022-09-19 12:14:47,489 - __main__ - INFO - 网络异常
2022-09-19 12:14:50,498 - __main__ - INFO - 网络异常
2022-09-19 12:14:53,506 - __main__ - INFO - 网络异常
2022-09-19 12:14:56,515 - __main__ - INFO - 网络异常
2022-09-19 12:14:59,524 - __main__ - INFO - 网络异常
2022-09-19 12:15:02,533 - __main__ - INFO - 网络异常
2022-09-19 12:15:05,542 - __main__ - INFO - 网络异常
2022-09-19 12:15:08,548 - __main__ - INFO - 网络异常
2022-09-19 12:15:11,555 - __main__ - INFO - 网络异常
2022-09-19 12:15:14,567 - __main__ - INFO - 网络异常
2022-09-19 12:15:17,576 - __main__ - INFO - 网络异常
2022-09-19 12:15:20,585 - __main__ - INFO - 网络异常
2022-09-19 12:15:23,596 - __main__ - INFO - 网络异常
2022-09-19 12:15:26,604 - __main__ - INFO - 网络异常
2022-09-19 12:15:29,612 - __main__ - INFO - 网络异常
2022-09-19 12:15:32,621 - __main__ - INFO - 网络异常
2022-09-19 12:15:35,629 - __main__ - INFO - 网络异常
2022-09-19 12:15:38,638 - __main__ - INFO - 网络异常
2022-09-19 12:15:41,647 - __main__ - INFO - 网络异常
2022-09-19 12:15:44,654 - __main__ - INFO - 网络异常
2022-09-19 12:15:47,662 - __main__ - INFO - 网络异常
2022-09-19 12:15:50,668 - __main__ - INFO - 网络异常
2022-09-19 12:15:53,674 - __main__ - INFO - 网络异常
2022-09-19 12:15:56,681 - __main__ - INFO - 网络异常
2022-09-19 12:16:04,690 - __main__ - INFO - 网络异常
2022-09-19 12:16:08,940 - __main__ - INFO - 网络异常
2022-09-19 12:16:11,948 - __main__ - INFO - 网络异常
2022-09-19 12:16:14,957 - __main__ - INFO - 网络异常
2022-09-19 12:16:17,964 - __main__ - INFO - 网络异常
2022-09-19 12:16:20,971 - __main__ - INFO - 网络异常
2022-09-19 12:16:23,978 - __main__ - INFO - 网络异常
2022-09-19 12:16:26,985 - __main__ - INFO - 网络异常
2022-09-19 12:16:29,991 - __main__ - INFO - 网络异常
2022-09-19 12:16:32,998 - __main__ - INFO - 网络异常
